22:10:07.340 [TestNG-tests-3] INFO  testCases.TC001_AccountRegisterTest - ********Finished TC001_AccountRegisterTest**********
22:10:07.366 [TestNG-tests-1] INFO  testCases.TC001_AccountRegisterTest - ********Finished TC001_AccountRegisterTest**********
22:10:15.708 [main] DEBUG org.testng.TestNG - suiteXmlPath: "C:\Users\samue\Desktop\Codes\OpenCart\crossbrowser.xml"
22:10:15.979 [main] INFO  org.testng.internal.Utils - [TestNG] Running:
  C:\Users\samue\Desktop\Codes\OpenCart\crossbrowser.xml

22:10:22.086 [TestNG-tests-2] INFO  testCases.TC001_AccountRegisterTest - ********Starting TC001_AccountRegisterTest*********
22:10:22.195 [TestNG-tests-2] INFO  testCases.TC001_AccountRegisterTest - Click on my Account
22:10:23.644 [TestNG-tests-2] INFO  testCases.TC001_AccountRegisterTest - Click on my Register
22:10:23.648 [TestNG-tests-2] INFO  testCases.TC001_AccountRegisterTest - Providing customer details
22:10:25.201 [TestNG-tests-3] INFO  testCases.TC001_AccountRegisterTest - ********Starting TC001_AccountRegisterTest*********
22:10:25.230 [TestNG-tests-1] INFO  testCases.TC001_AccountRegisterTest - ********Starting TC001_AccountRegisterTest*********
22:10:25.366 [TestNG-tests-1] INFO  testCases.TC001_AccountRegisterTest - Click on my Account
22:10:25.497 [TestNG-tests-3] INFO  testCases.TC001_AccountRegisterTest - Click on my Account
22:10:25.593 [TestNG-tests-2] INFO  testCases.TC001_AccountRegisterTest - Validation the final Message
22:10:25.635 [TestNG-tests-2] INFO  testCases.TC001_AccountRegisterTest - ********Finished TC001_AccountRegisterTest**********
22:10:26.982 [TestNG-tests-3] INFO  testCases.TC001_AccountRegisterTest - Click on my Register
22:10:26.984 [TestNG-tests-3] INFO  testCases.TC001_AccountRegisterTest - Providing customer details
22:10:27.150 [TestNG-tests-1] INFO  testCases.TC001_AccountRegisterTest - Click on my Register
22:10:27.150 [TestNG-tests-1] INFO  testCases.TC001_AccountRegisterTest - Providing customer details
22:10:27.954 [TestNG-tests-1] INFO  testCases.TC001_AccountRegisterTest - Validation the final Message
22:10:28.698 [TestNG-tests-3] INFO  testCases.TC001_AccountRegisterTest - Validation the final Message
22:10:28.727 [TestNG-tests-3] INFO  testCases.TC001_AccountRegisterTest - ********Finished TC001_AccountRegisterTest**********
22:10:29.431 [TestNG-tests-1] INFO  testCases.TC001_AccountRegisterTest - ********Finished TC001_AccountRegisterTest**********
22:10:36.765 [main] DEBUG org.testng.TestNG - suiteXmlPath: "C:\Users\samue\Desktop\Codes\OpenCart\crossbrowser.xml"
22:10:36.999 [main] INFO  org.testng.internal.Utils - [TestNG] Running:
  C:\Users\samue\Desktop\Codes\OpenCart\crossbrowser.xml

22:10:41.994 [TestNG-tests-1] INFO  testCases.TC001_AccountRegisterTest - ********Starting TC001_AccountRegisterTest*********
22:10:42.100 [TestNG-tests-1] INFO  testCases.TC001_AccountRegisterTest - Click on my Account
22:10:43.093 [TestNG-tests-2] INFO  testCases.TC001_AccountRegisterTest - ********Starting TC001_AccountRegisterTest*********
22:10:43.218 [TestNG-tests-1] INFO  testCases.TC001_AccountRegisterTest - Click on my Register
22:10:43.221 [TestNG-tests-1] INFO  testCases.TC001_AccountRegisterTest - Providing customer details
22:10:43.245 [TestNG-tests-2] INFO  testCases.TC001_AccountRegisterTest - Click on my Account
22:10:43.286 [TestNG-tests-3] INFO  testCases.TC001_AccountRegisterTest - ********Starting TC001_AccountRegisterTest*********
22:10:43.569 [TestNG-tests-3] INFO  testCases.TC001_AccountRegisterTest - Click on my Account
22:10:44.119 [TestNG-tests-2] INFO  testCases.TC001_AccountRegisterTest - Click on my Register
22:10:44.119 [TestNG-tests-2] INFO  testCases.TC001_AccountRegisterTest - Providing customer details
22:10:44.232 [TestNG-tests-3] INFO  testCases.TC001_AccountRegisterTest - Click on my Register
22:10:44.233 [TestNG-tests-3] INFO  testCases.TC001_AccountRegisterTest - Providing customer details
22:10:44.981 [TestNG-tests-2] INFO  testCases.TC001_AccountRegisterTest - Validation the final Message
22:10:45.648 [TestNG-tests-1] INFO  testCases.TC001_AccountRegisterTest - Validation the final Message
22:10:45.692 [TestNG-tests-1] INFO  testCases.TC001_AccountRegisterTest - ********Finished TC001_AccountRegisterTest**********
22:10:45.885 [TestNG-tests-3] INFO  testCases.TC001_AccountRegisterTest - Validation the final Message
22:10:45.912 [TestNG-tests-3] INFO  testCases.TC001_AccountRegisterTest - ********Finished TC001_AccountRegisterTest**********
22:10:46.979 [TestNG-tests-2] INFO  testCases.TC001_AccountRegisterTest - ********Finished TC001_AccountRegisterTest**********
22:13:24.051 [main] DEBUG org.testng.TestNG - suiteXmlPath: "C:\Users\samue\Desktop\Codes\OpenCart\crossbrowser.xml"
22:13:24.286 [main] INFO  org.testng.internal.Utils - [TestNG] Running:
  C:\Users\samue\Desktop\Codes\OpenCart\crossbrowser.xml

22:13:28.656 [TestNG-tests-2] INFO  testCases.TC001_AccountRegisterTest - ********Starting TC001_AccountRegisterTest*********
22:13:28.955 [TestNG-tests-2] INFO  testCases.TC001_AccountRegisterTest - Click on my Account
22:13:29.918 [TestNG-tests-2] INFO  testCases.TC001_AccountRegisterTest - Click on my Register
22:13:29.919 [TestNG-tests-2] INFO  testCases.TC001_AccountRegisterTest - Providing customer details
22:13:30.985 [TestNG-tests-3] INFO  testCases.TC001_AccountRegisterTest - ********Starting TC001_AccountRegisterTest*********
22:13:31.254 [TestNG-tests-3] INFO  testCases.TC001_AccountRegisterTest - Click on my Account
22:13:31.687 [TestNG-tests-2] INFO  testCases.TC001_AccountRegisterTest - Validation the final Message
22:13:31.730 [TestNG-tests-2] INFO  testCases.TC001_AccountRegisterTest - ********Finished TC001_AccountRegisterTest**********
22:13:32.139 [TestNG-tests-3] INFO  testCases.TC001_AccountRegisterTest - Click on my Register
22:13:32.141 [TestNG-tests-3] INFO  testCases.TC001_AccountRegisterTest - Providing customer details
22:13:33.408 [TestNG-tests-3] INFO  testCases.TC001_AccountRegisterTest - Validation the final Message
22:13:33.433 [TestNG-tests-3] INFO  testCases.TC001_AccountRegisterTest - ********Finished TC001_AccountRegisterTest**********
22:14:36.236 [main] DEBUG org.testng.TestNG - suiteXmlPath: "C:\Users\samue\Desktop\Codes\OpenCart\crossbrowser.xml"
22:14:36.537 [main] INFO  org.testng.internal.Utils - [TestNG] Running:
  C:\Users\samue\Desktop\Codes\OpenCart\crossbrowser.xml

22:14:40.366 [TestNG-tests-1] INFO  testCases.TC001_AccountRegisterTest - ********Starting TC001_AccountRegisterTest*********
22:14:40.615 [TestNG-tests-2] INFO  testCases.TC001_AccountRegisterTest - ********Starting TC001_AccountRegisterTest*********
22:14:40.694 [TestNG-tests-1] INFO  testCases.TC001_AccountRegisterTest - Click on my Account
22:14:40.727 [TestNG-tests-2] INFO  testCases.TC001_AccountRegisterTest - Click on my Account
22:14:41.292 [TestNG-tests-1] INFO  testCases.TC001_AccountRegisterTest - Click on my Register
22:14:41.293 [TestNG-tests-1] INFO  testCases.TC001_AccountRegisterTest - Providing customer details
22:14:41.352 [TestNG-tests-2] INFO  testCases.TC001_AccountRegisterTest - Click on my Register
22:14:41.353 [TestNG-tests-2] INFO  testCases.TC001_AccountRegisterTest - Providing customer details
22:14:42.264 [TestNG-tests-1] INFO  testCases.TC001_AccountRegisterTest - Validation the final Message
22:14:42.391 [TestNG-tests-3] INFO  testCases.TC001_AccountRegisterTest - ********Starting TC001_AccountRegisterTest*********
22:14:42.644 [TestNG-tests-3] INFO  testCases.TC001_AccountRegisterTest - Click on my Account
22:14:43.317 [TestNG-tests-1] INFO  testCases.TC001_AccountRegisterTest - ********Finished TC001_AccountRegisterTest**********
22:14:43.404 [TestNG-tests-2] INFO  testCases.TC001_AccountRegisterTest - Validation the final Message
22:14:43.450 [TestNG-tests-2] INFO  testCases.TC001_AccountRegisterTest - ********Finished TC001_AccountRegisterTest**********
22:14:43.518 [TestNG-tests-3] INFO  testCases.TC001_AccountRegisterTest - Click on my Register
22:14:43.518 [TestNG-tests-3] INFO  testCases.TC001_AccountRegisterTest - Providing customer details
22:14:44.844 [TestNG-tests-3] INFO  testCases.TC001_AccountRegisterTest - Validation the final Message
22:14:44.863 [TestNG-tests-3] INFO  testCases.TC001_AccountRegisterTest - ********Finished TC001_AccountRegisterTest**********
22:18:00.877 [main] DEBUG org.testng.TestNG - suiteXmlPath: "C:\Users\samue\Desktop\Codes\OpenCart\crossbrowser.xml"
22:18:01.170 [main] INFO  org.testng.internal.Utils - [TestNG] Running:
  C:\Users\samue\Desktop\Codes\OpenCart\crossbrowser.xml

22:18:05.298 [TestNG-tests-1] INFO  testCases.TC001_AccountRegisterTest - ********Starting TC001_AccountRegisterTest*********
22:18:05.460 [TestNG-tests-2] INFO  testCases.TC001_AccountRegisterTest - ********Starting TC001_AccountRegisterTest*********
22:18:05.849 [TestNG-tests-1] INFO  testCases.TC001_AccountRegisterTest - Click on my Account
22:18:05.973 [TestNG-tests-2] INFO  testCases.TC001_AccountRegisterTest - Click on my Account
22:18:06.741 [TestNG-tests-1] INFO  testCases.TC001_AccountRegisterTest - Click on my Register
22:18:06.744 [TestNG-tests-1] INFO  testCases.TC001_AccountRegisterTest - Providing customer details
22:18:06.973 [TestNG-tests-2] INFO  testCases.TC001_AccountRegisterTest - Click on my Register
22:18:06.976 [TestNG-tests-2] INFO  testCases.TC001_AccountRegisterTest - Providing customer details
22:18:08.976 [TestNG-tests-3] INFO  testCases.TC001_AccountRegisterTest - ********Starting TC001_AccountRegisterTest*********
22:18:09.290 [TestNG-tests-3] INFO  testCases.TC001_AccountRegisterTest - Click on my Account
22:18:09.304 [TestNG-tests-1] INFO  testCases.TC001_AccountRegisterTest - Validation the final Message
22:18:09.352 [TestNG-tests-1] INFO  testCases.TC001_AccountRegisterTest - ********Finished TC001_AccountRegisterTest**********
22:18:09.441 [TestNG-tests-2] INFO  testCases.TC001_AccountRegisterTest - Validation the final Message
22:18:09.481 [TestNG-tests-2] INFO  testCases.TC001_AccountRegisterTest - ********Finished TC001_AccountRegisterTest**********
22:18:09.829 [TestNG-tests-3] INFO  testCases.TC001_AccountRegisterTest - Click on my Register
22:18:09.829 [TestNG-tests-3] INFO  testCases.TC001_AccountRegisterTest - Providing customer details
22:18:11.363 [TestNG-tests-3] INFO  testCases.TC001_AccountRegisterTest - Validation the final Message
22:18:11.385 [TestNG-tests-3] INFO  testCases.TC001_AccountRegisterTest - ********Finished TC001_AccountRegisterTest**********
15:36:51.383 [main] DEBUG org.testng.TestNG - suiteXmlPath: "C:\Users\samue\Desktop\Codes\OpenCart\Grouping.xml"
15:37:17.827 [main] DEBUG org.testng.TestNG - suiteXmlPath: "C:\Users\samue\Desktop\Codes\OpenCart\Grouping.xml"
15:37:56.688 [main] DEBUG org.testng.TestNG - suiteXmlPath: "C:\Users\samue\Desktop\Codes\OpenCart\Grouping.xml"
15:37:56.927 [main] INFO  org.testng.internal.Utils - [TestNG] Running:
  C:\Users\samue\Desktop\Codes\OpenCart\Grouping.xml

15:38:02.043 [main] INFO  testCases.TC002_LoginTest - ******TC002_LoginTest Started******
15:38:02.135 [main] INFO  testCases.TC002_LoginTest - Click on MyAccount
15:38:02.527 [main] INFO  testCases.TC002_LoginTest - Click on the Login
15:38:03.664 [main] INFO  testCases.TC002_LoginTest - ******TC002_LoginTest Finished******
15:42:59.917 [main] DEBUG org.testng.TestNG - suiteXmlPath: "C:\Users\samue\Desktop\Codes\OpenCart\Grouping.xml"
15:43:00.168 [main] INFO  org.testng.internal.Utils - [TestNG] Running:
  C:\Users\samue\Desktop\Codes\OpenCart\Grouping.xml

15:43:03.913 [main] INFO  testCases.TC001_AccountRegisterTest - ********Starting TC001_AccountRegisterTest*********
15:43:03.997 [main] INFO  testCases.TC001_AccountRegisterTest - Click on my Account
15:43:04.597 [main] INFO  testCases.TC001_AccountRegisterTest - Click on my Register
15:43:04.599 [main] INFO  testCases.TC001_AccountRegisterTest - Providing customer details
15:43:06.024 [main] INFO  testCases.TC001_AccountRegisterTest - Validation the final Message
15:43:06.057 [main] INFO  testCases.TC001_AccountRegisterTest - ********Finished TC001_AccountRegisterTest**********
15:43:09.033 [main] INFO  testCases.TC002_LoginTest - ******TC002_LoginTest Started******
15:43:09.099 [main] INFO  testCases.TC002_LoginTest - Click on MyAccount
15:43:09.505 [main] INFO  testCases.TC002_LoginTest - Click on the Login
15:43:10.785 [main] INFO  testCases.TC002_LoginTest - ******TC002_LoginTest Finished******
15:48:24.407 [main] DEBUG org.testng.TestNG - suiteXmlPath: "C:\Users\samue\Desktop\Codes\OpenCart\Grouping.xml"
15:48:24.652 [main] INFO  org.testng.internal.Utils - [TestNG] Running:
  C:\Users\samue\Desktop\Codes\OpenCart\Grouping.xml

15:48:27.886 [main] INFO  testCases.TC001_AccountRegisterTest - ********Starting TC001_AccountRegisterTest*********
15:48:27.975 [main] INFO  testCases.TC001_AccountRegisterTest - Click on my Account
15:48:28.491 [main] INFO  testCases.TC001_AccountRegisterTest - Click on my Register
15:48:28.492 [main] INFO  testCases.TC001_AccountRegisterTest - Providing customer details
15:48:28.940 [main] INFO  testCases.TC001_AccountRegisterTest - Validation the final Message
15:48:29.939 [main] INFO  testCases.TC001_AccountRegisterTest - ********Finished TC001_AccountRegisterTest**********
15:48:32.506 [main] INFO  testCases.TC002_LoginTest - ******TC002_LoginTest Started******
15:48:32.590 [main] INFO  testCases.TC002_LoginTest - Click on MyAccount
15:48:32.994 [main] INFO  testCases.TC002_LoginTest - Click on the Login
15:48:34.084 [main] INFO  testCases.TC002_LoginTest - ******TC002_LoginTest Finished******
15:49:52.189 [main] DEBUG org.testng.TestNG - suiteXmlPath: "C:\Users\samue\Desktop\Codes\OpenCart\Master.xml"
15:50:10.825 [main] DEBUG org.testng.TestNG - suiteXmlPath: "C:\Users\samue\Desktop\Codes\OpenCart\Grouping.xml"
15:50:11.060 [main] INFO  org.testng.internal.Utils - [TestNG] Running:
  C:\Users\samue\Desktop\Codes\OpenCart\Grouping.xml

15:50:14.210 [main] INFO  testCases.TC001_AccountRegisterTest - ********Starting TC001_AccountRegisterTest*********
15:50:14.294 [main] INFO  testCases.TC001_AccountRegisterTest - Click on my Account
15:50:14.891 [main] INFO  testCases.TC001_AccountRegisterTest - Click on my Register
15:50:14.892 [main] INFO  testCases.TC001_AccountRegisterTest - Providing customer details
15:50:15.331 [main] INFO  testCases.TC001_AccountRegisterTest - Validation the final Message
15:50:16.369 [main] INFO  testCases.TC001_AccountRegisterTest - ********Finished TC001_AccountRegisterTest**********
15:50:18.882 [main] INFO  testCases.TC002_LoginTest - ******TC002_LoginTest Started******
15:50:19.016 [main] INFO  testCases.TC002_LoginTest - Click on MyAccount
15:50:19.361 [main] INFO  testCases.TC002_LoginTest - Click on the Login
15:50:20.406 [main] INFO  testCases.TC002_LoginTest - ******TC002_LoginTest Finished******
15:52:41.806 [main] DEBUG org.testng.TestNG - suiteXmlPath: "C:\Users\samue\AppData\Local\Temp\testng-eclipse-117297612\testng-customsuite.xml"
15:52:41.990 [main] INFO  org.testng.internal.Utils - [Utils] MethodGroupsHelper.collectMethodsByGroup() took 0 ms.
15:52:41.992 [main] INFO  org.testng.internal.Utils - [Utils] MethodGroupsHelper.sortMethods() took 1 ms.
15:52:41.993 [main] INFO  org.testng.internal.Utils - [Utils] MethodGroupsHelper.collectMethodsByGroup() took 0 ms.
15:52:41.993 [main] INFO  org.testng.internal.Utils - [Utils] MethodGroupsHelper.sortMethods() took 0 ms.
15:52:41.993 [main] INFO  org.testng.internal.Utils - [Utils] MethodGroupsHelper.collectMethodsByGroup() took 0 ms.
15:52:41.993 [main] INFO  org.testng.internal.Utils - [Utils] MethodGroupsHelper.sortMethods() took 0 ms.
15:52:41.994 [main] INFO  org.testng.internal.Utils - [Utils] MethodGroupsHelper.collectMethodsByGroup() took 0 ms.
15:52:41.994 [main] INFO  org.testng.internal.Utils - [Utils] MethodGroupsHelper.sortMethods() took 0 ms.
15:52:41.997 [main] INFO  org.testng.internal.Utils - [Utils] MethodGroupsHelper.collectMethodsByGroup() took 2 ms.
15:52:42.013 [main] INFO  org.testng.internal.Utils - [Utils] MethodGroupsHelper.sortMethods() took 15 ms.
15:52:42.014 [main] INFO  org.testng.internal.Utils - [Utils] MethodGroupsHelper.collectMethodsByGroup() took 0 ms.
15:52:42.015 [main] INFO  org.testng.internal.Utils - [Utils] MethodGroupsHelper.sortMethods() took 1 ms.
15:52:42.015 [main] INFO  org.testng.internal.Utils - [Utils] MethodGroupsHelper.collectMethodsByGroup() took 0 ms.
15:52:42.015 [main] INFO  org.testng.internal.Utils - [Utils] MethodGroupsHelper.sortMethods() took 0 ms.
15:52:42.016 [main] INFO  org.testng.internal.Utils - [Utils] MethodGroupsHelper.collectMethodsByGroup() took 0 ms.
15:52:42.016 [main] INFO  org.testng.internal.Utils - [Utils] MethodGroupsHelper.sortMethods() took 0 ms.
15:52:42.017 [main] INFO  org.testng.internal.Utils - [Utils] MethodGroupsHelper.collectMethodsByGroup() took 0 ms.
15:52:42.017 [main] INFO  org.testng.internal.Utils - [Utils] MethodGroupsHelper.sortMethods() took 0 ms.
15:52:42.017 [main] INFO  org.testng.internal.Utils - [Utils] MethodGroupsHelper.collectMethodsByGroup() took 0 ms.
15:52:42.017 [main] INFO  org.testng.internal.Utils - [Utils] MethodGroupsHelper.sortMethods() took 0 ms.
15:52:42.019 [main] INFO  org.testng.internal.Utils - [Utils] MethodGroupsHelper.collectMethodsByGroup() took 0 ms.
15:52:42.019 [main] INFO  org.testng.internal.Utils - [Utils] MethodGroupsHelper.sortMethods() took 0 ms.
15:52:42.019 [main] INFO  org.testng.internal.Utils - [Utils] MethodGroupsHelper.collectMethodsByGroup() took 0 ms.
15:52:42.019 [main] INFO  org.testng.internal.Utils - [Utils] MethodGroupsHelper.sortMethods() took 0 ms.
15:52:42.020 [main] INFO  org.testng.internal.Utils - [Utils] MethodGroupsHelper.collectMethodsByGroup() took 1 ms.
15:52:42.020 [main] INFO  org.testng.internal.Utils - [Utils] MethodGroupsHelper.sortMethods() took 0 ms.
15:52:42.021 [main] INFO  org.testng.internal.Utils - [Utils] MethodGroupsHelper.collectMethodsByGroup() took 0 ms.
15:52:42.022 [main] INFO  org.testng.internal.Utils - [Utils] MethodGroupsHelper.sortMethods() took 0 ms.
15:52:42.022 [main] INFO  org.testng.internal.Utils - [Utils] MethodGroupsHelper.collectMethodsByGroup() took 0 ms.
15:52:42.022 [main] INFO  org.testng.internal.Utils - [Utils] MethodGroupsHelper.sortMethods() took 0 ms.
15:52:42.027 [main] INFO  org.testng.internal.Utils - [TestNG] Running:
  C:\Users\samue\AppData\Local\Temp\testng-eclipse-117297612\testng-customsuite.xml

15:52:42.042 [main] INFO  org.testng.internal.Utils - [Utils] DynamicGraphHelper.createDynamicGraph() took 3 ms.
15:52:42.170 [main] INFO  org.testng.internal.Utils - [TestNG] Time taken by org.testng.reporters.jq.Main@11acdc30: 53 ms
15:52:42.183 [main] INFO  org.testng.internal.Utils - [TestNG] Time taken by org.testng.reporters.FailedReporter@a486d78: 13 ms
15:52:42.193 [main] INFO  org.testng.internal.Utils - [TestNG] Time taken by org.testng.reporters.XMLReporter@12cd9150: 10 ms
15:52:42.199 [main] INFO  org.testng.internal.Utils - [TestNG] Time taken by org.testng.reporters.EmailableReporter2@26be6ca7: 6 ms
15:52:42.207 [main] INFO  org.testng.internal.Utils - [TestNG] Time taken by org.testng.reporters.JUnitReportReporter@782a4fff: 7 ms
15:52:42.207 [main] INFO  org.testng.internal.Utils - [TestNG] Time taken by org.testng.internal.ExitCodeListener@46c670a6: 0 ms
15:53:00.721 [main] DEBUG org.testng.TestNG - suiteXmlPath: "C:\Users\samue\Desktop\Codes\OpenCart\Grouping.xml"
15:53:00.976 [main] INFO  org.testng.internal.Utils - [TestNG] Running:
  C:\Users\samue\Desktop\Codes\OpenCart\Grouping.xml

15:53:03.992 [main] INFO  testCases.TC001_AccountRegisterTest - ********Starting TC001_AccountRegisterTest*********
15:53:04.071 [main] INFO  testCases.TC001_AccountRegisterTest - Click on my Account
15:53:04.600 [main] INFO  testCases.TC001_AccountRegisterTest - Click on my Register
15:53:04.601 [main] INFO  testCases.TC001_AccountRegisterTest - Providing customer details
15:53:06.294 [main] INFO  testCases.TC001_AccountRegisterTest - Validation the final Message
15:53:06.322 [main] INFO  testCases.TC001_AccountRegisterTest - ********Finished TC001_AccountRegisterTest**********
15:53:08.890 [main] INFO  testCases.TC002_LoginTest - ******TC002_LoginTest Started******
15:53:08.961 [main] INFO  testCases.TC002_LoginTest - Click on MyAccount
15:53:09.268 [main] INFO  testCases.TC002_LoginTest - Click on the Login
15:53:10.340 [main] INFO  testCases.TC002_LoginTest - ******TC002_LoginTest Finished******
15:57:01.052 [main] DEBUG org.testng.TestNG - suiteXmlPath: "C:\Users\samue\Desktop\Codes\OpenCart\Grouping.xml"
15:57:01.283 [main] INFO  org.testng.internal.Utils - [TestNG] Running:
  C:\Users\samue\Desktop\Codes\OpenCart\Grouping.xml

15:57:04.686 [main] INFO  testCases.TC001_AccountRegisterTest - ********Starting TC001_AccountRegisterTest*********
15:57:04.762 [main] INFO  testCases.TC001_AccountRegisterTest - Click on my Account
15:57:05.306 [main] INFO  testCases.TC001_AccountRegisterTest - Click on my Register
15:57:05.308 [main] INFO  testCases.TC001_AccountRegisterTest - Providing customer details
15:57:06.625 [main] INFO  testCases.TC001_AccountRegisterTest - Validation the final Message
15:57:06.662 [main] INFO  testCases.TC001_AccountRegisterTest - ********Finished TC001_AccountRegisterTest**********
15:57:09.621 [main] INFO  testCases.TC002_LoginTest - ******TC002_LoginTest Started******
15:57:09.695 [main] INFO  testCases.TC002_LoginTest - Click on MyAccount
15:57:10.022 [main] INFO  testCases.TC002_LoginTest - Click on the Login
15:57:11.068 [main] INFO  testCases.TC002_LoginTest - ******TC002_LoginTest Finished******
15:58:29.788 [main] DEBUG org.testng.TestNG - suiteXmlPath: "C:\Users\samue\Desktop\Codes\OpenCart\Grouping.xml"
15:58:30.016 [main] INFO  org.testng.internal.Utils - [TestNG] Running:
  C:\Users\samue\Desktop\Codes\OpenCart\Grouping.xml

15:58:34.189 [main] INFO  testCases.TC001_AccountRegisterTest - ********Starting TC001_AccountRegisterTest*********
15:58:34.268 [main] INFO  testCases.TC001_AccountRegisterTest - Click on my Account
15:58:35.548 [main] INFO  testCases.TC001_AccountRegisterTest - Click on my Register
15:58:35.548 [main] INFO  testCases.TC001_AccountRegisterTest - Providing customer details
15:58:36.994 [main] INFO  testCases.TC001_AccountRegisterTest - Validation the final Message
15:58:37.025 [main] INFO  testCases.TC001_AccountRegisterTest - ********Finished TC001_AccountRegisterTest**********
15:58:41.582 [main] INFO  testCases.TC002_LoginTest - ******TC002_LoginTest Started******
15:58:41.666 [main] INFO  testCases.TC002_LoginTest - Click on MyAccount
15:58:42.064 [main] INFO  testCases.TC002_LoginTest - Click on the Login
15:58:43.208 [main] INFO  testCases.TC002_LoginTest - ******TC002_LoginTest Finished******
16:19:32.626 [main] DEBUG org.testng.TestNG - suiteXmlPath: "C:\Users\samue\Desktop\Codes\OpenCart\Grouping.xml"
16:19:32.859 [main] INFO  org.testng.internal.Utils - [TestNG] Running:
  C:\Users\samue\Desktop\Codes\OpenCart\Grouping.xml

16:19:39.260 [main] INFO  testCases.TC001_AccountRegisterTest - ********Starting TC001_AccountRegisterTest*********
16:19:39.351 [main] INFO  testCases.TC001_AccountRegisterTest - Click on my Account
16:19:39.966 [main] INFO  testCases.TC001_AccountRegisterTest - Click on my Register
16:19:39.968 [main] INFO  testCases.TC001_AccountRegisterTest - Providing customer details
16:19:41.408 [main] INFO  testCases.TC001_AccountRegisterTest - Validation the final Message
16:19:41.441 [main] INFO  testCases.TC001_AccountRegisterTest - ********Finished TC001_AccountRegisterTest**********
16:19:45.599 [main] INFO  testCases.TC002_LoginTest - ******TC002_LoginTest Started******
16:19:45.680 [main] INFO  testCases.TC002_LoginTest - Click on MyAccount
16:19:46.093 [main] INFO  testCases.TC002_LoginTest - Click on the Login
16:19:47.290 [main] INFO  testCases.TC002_LoginTest - ******TC002_LoginTest Finished******
16:21:17.190 [main] DEBUG org.testng.TestNG - suiteXmlPath: "C:\Users\samue\Desktop\Codes\OpenCart\Grouping.xml"
16:21:17.422 [main] INFO  org.testng.internal.Utils - [TestNG] Running:
  C:\Users\samue\Desktop\Codes\OpenCart\Grouping.xml

16:21:21.479 [main] INFO  testCases.TC001_AccountRegisterTest - ********Starting TC001_AccountRegisterTest*********
16:21:21.557 [main] INFO  testCases.TC001_AccountRegisterTest - Click on my Account
16:21:22.141 [main] INFO  testCases.TC001_AccountRegisterTest - Click on my Register
16:21:22.142 [main] INFO  testCases.TC001_AccountRegisterTest - Providing customer details
16:21:23.578 [main] INFO  testCases.TC001_AccountRegisterTest - Validation the final Message
16:21:23.611 [main] INFO  testCases.TC001_AccountRegisterTest - ********Finished TC001_AccountRegisterTest**********
16:21:26.755 [main] INFO  testCases.TC002_LoginTest - ******TC002_LoginTest Started******
16:21:26.843 [main] INFO  testCases.TC002_LoginTest - Click on MyAccount
16:21:27.273 [main] INFO  testCases.TC002_LoginTest - Click on the Login
16:21:28.335 [main] INFO  testCases.TC002_LoginTest - ******TC002_LoginTest Finished******
17:32:09.511 [main] DEBUG org.testng.TestNG - suiteXmlPath: "C:\Users\samue\Desktop\Codes\OpenCart\Grouping.xml"
17:32:09.752 [main] INFO  org.testng.internal.Utils - [TestNG] Running:
  C:\Users\samue\Desktop\Codes\OpenCart\Grouping.xml

17:32:13.529 [main] INFO  testCases.TC001_AccountRegisterTest - ********Starting TC001_AccountRegisterTest*********
17:32:13.612 [main] INFO  testCases.TC001_AccountRegisterTest - Click on my Account
17:32:14.209 [main] INFO  testCases.TC001_AccountRegisterTest - Click on my Register
17:32:14.210 [main] INFO  testCases.TC001_AccountRegisterTest - Providing customer details
17:32:14.613 [main] INFO  testCases.TC001_AccountRegisterTest - Validation the final Message
17:32:15.563 [main] INFO  testCases.TC001_AccountRegisterTest - ********Finished TC001_AccountRegisterTest**********
17:32:18.517 [main] INFO  testCases.TC002_LoginTest - ******TC002_LoginTest Started******
17:32:18.590 [main] INFO  testCases.TC002_LoginTest - Click on MyAccount
17:32:18.908 [main] INFO  testCases.TC002_LoginTest - Click on the Login
17:32:19.998 [main] INFO  testCases.TC002_LoginTest - ******TC002_LoginTest Finished******
17:32:58.517 [main] DEBUG org.testng.TestNG - suiteXmlPath: "C:\Users\samue\Desktop\Codes\OpenCart\Master.xml"
17:32:58.748 [main] INFO  org.testng.internal.Utils - [TestNG] Running:
  C:\Users\samue\Desktop\Codes\OpenCart\Master.xml

17:33:02.405 [main] DEBUG org.apache.poi.openxml4j.opc.PackageRelationshipCollection - Parsing relationship: /xl/_rels/workbook.xml.rels
17:33:02.408 [main] DEBUG org.apache.poi.openxml4j.opc.PackageRelationshipCollection - Parsing relationship: /xl/worksheets/_rels/sheet1.xml.rels
17:33:02.409 [main] DEBUG org.apache.poi.openxml4j.opc.PackageRelationshipCollection - Parsing relationship: /_rels/.rels
17:33:02.833 [main] DEBUG org.apache.poi.openxml4j.opc.PackageRelationshipCollection - Parsing relationship: /xl/_rels/workbook.xml.rels
17:33:02.835 [main] DEBUG org.apache.poi.openxml4j.opc.PackageRelationshipCollection - Parsing relationship: /xl/worksheets/_rels/sheet1.xml.rels
17:33:02.836 [main] DEBUG org.apache.poi.openxml4j.opc.PackageRelationshipCollection - Parsing relationship: /_rels/.rels
17:33:02.862 [main] DEBUG org.apache.poi.openxml4j.opc.PackageRelationshipCollection - Parsing relationship: /xl/_rels/workbook.xml.rels
17:33:02.863 [main] DEBUG org.apache.poi.openxml4j.opc.PackageRelationshipCollection - Parsing relationship: /xl/worksheets/_rels/sheet1.xml.rels
17:33:02.864 [main] DEBUG org.apache.poi.openxml4j.opc.PackageRelationshipCollection - Parsing relationship: /_rels/.rels
17:33:02.897 [main] DEBUG org.apache.poi.openxml4j.opc.PackageRelationshipCollection - Parsing relationship: /xl/_rels/workbook.xml.rels
17:33:02.898 [main] DEBUG org.apache.poi.openxml4j.opc.PackageRelationshipCollection - Parsing relationship: /xl/worksheets/_rels/sheet1.xml.rels
17:33:02.899 [main] DEBUG org.apache.poi.openxml4j.opc.PackageRelationshipCollection - Parsing relationship: /_rels/.rels
17:33:02.918 [main] DEBUG org.apache.poi.openxml4j.opc.PackageRelationshipCollection - Parsing relationship: /xl/_rels/workbook.xml.rels
17:33:02.918 [main] DEBUG org.apache.poi.openxml4j.opc.PackageRelationshipCollection - Parsing relationship: /xl/worksheets/_rels/sheet1.xml.rels
17:33:02.919 [main] DEBUG org.apache.poi.openxml4j.opc.PackageRelationshipCollection - Parsing relationship: /_rels/.rels
17:33:02.935 [main] DEBUG org.apache.poi.openxml4j.opc.PackageRelationshipCollection - Parsing relationship: /xl/_rels/workbook.xml.rels
17:33:02.936 [main] DEBUG org.apache.poi.openxml4j.opc.PackageRelationshipCollection - Parsing relationship: /xl/worksheets/_rels/sheet1.xml.rels
17:33:02.936 [main] DEBUG org.apache.poi.openxml4j.opc.PackageRelationshipCollection - Parsing relationship: /_rels/.rels
17:33:02.954 [main] DEBUG org.apache.poi.openxml4j.opc.PackageRelationshipCollection - Parsing relationship: /xl/_rels/workbook.xml.rels
17:33:02.954 [main] DEBUG org.apache.poi.openxml4j.opc.PackageRelationshipCollection - Parsing relationship: /xl/worksheets/_rels/sheet1.xml.rels
17:33:02.955 [main] DEBUG org.apache.poi.openxml4j.opc.PackageRelationshipCollection - Parsing relationship: /_rels/.rels
17:33:02.970 [main] DEBUG org.apache.poi.openxml4j.opc.PackageRelationshipCollection - Parsing relationship: /xl/_rels/workbook.xml.rels
17:33:02.970 [main] DEBUG org.apache.poi.openxml4j.opc.PackageRelationshipCollection - Parsing relationship: /xl/worksheets/_rels/sheet1.xml.rels
17:33:02.971 [main] DEBUG org.apache.poi.openxml4j.opc.PackageRelationshipCollection - Parsing relationship: /_rels/.rels
17:33:02.986 [main] DEBUG org.apache.poi.openxml4j.opc.PackageRelationshipCollection - Parsing relationship: /xl/_rels/workbook.xml.rels
17:33:02.987 [main] DEBUG org.apache.poi.openxml4j.opc.PackageRelationshipCollection - Parsing relationship: /xl/worksheets/_rels/sheet1.xml.rels
17:33:02.988 [main] DEBUG org.apache.poi.openxml4j.opc.PackageRelationshipCollection - Parsing relationship: /_rels/.rels
17:33:03.005 [main] DEBUG org.apache.poi.openxml4j.opc.PackageRelationshipCollection - Parsing relationship: /xl/_rels/workbook.xml.rels
17:33:03.006 [main] DEBUG org.apache.poi.openxml4j.opc.PackageRelationshipCollection - Parsing relationship: /xl/worksheets/_rels/sheet1.xml.rels
17:33:03.006 [main] DEBUG org.apache.poi.openxml4j.opc.PackageRelationshipCollection - Parsing relationship: /_rels/.rels
17:33:03.021 [main] DEBUG org.apache.poi.openxml4j.opc.PackageRelationshipCollection - Parsing relationship: /xl/_rels/workbook.xml.rels
17:33:03.022 [main] DEBUG org.apache.poi.openxml4j.opc.PackageRelationshipCollection - Parsing relationship: /xl/worksheets/_rels/sheet1.xml.rels
17:33:03.022 [main] DEBUG org.apache.poi.openxml4j.opc.PackageRelationshipCollection - Parsing relationship: /_rels/.rels
17:33:03.037 [main] DEBUG org.apache.poi.openxml4j.opc.PackageRelationshipCollection - Parsing relationship: /xl/_rels/workbook.xml.rels
17:33:03.038 [main] DEBUG org.apache.poi.openxml4j.opc.PackageRelationshipCollection - Parsing relationship: /xl/worksheets/_rels/sheet1.xml.rels
17:33:03.038 [main] DEBUG org.apache.poi.openxml4j.opc.PackageRelationshipCollection - Parsing relationship: /_rels/.rels
17:33:03.054 [main] DEBUG org.apache.poi.openxml4j.opc.PackageRelationshipCollection - Parsing relationship: /xl/_rels/workbook.xml.rels
17:33:03.055 [main] DEBUG org.apache.poi.openxml4j.opc.PackageRelationshipCollection - Parsing relationship: /xl/worksheets/_rels/sheet1.xml.rels
17:33:03.056 [main] DEBUG org.apache.poi.openxml4j.opc.PackageRelationshipCollection - Parsing relationship: /_rels/.rels
17:33:03.071 [main] DEBUG org.apache.poi.openxml4j.opc.PackageRelationshipCollection - Parsing relationship: /xl/_rels/workbook.xml.rels
17:33:03.072 [main] DEBUG org.apache.poi.openxml4j.opc.PackageRelationshipCollection - Parsing relationship: /xl/worksheets/_rels/sheet1.xml.rels
17:33:03.073 [main] DEBUG org.apache.poi.openxml4j.opc.PackageRelationshipCollection - Parsing relationship: /_rels/.rels
17:33:03.094 [main] INFO  testCases.TC003_LoginDDT - *********TC003_LoginDDT Started**********
17:33:03.180 [main] INFO  testCases.TC003_LoginDDT - Click on MyAccount
17:33:03.507 [main] INFO  testCases.TC003_LoginDDT - Click on the Login
17:33:05.305 [main] INFO  testCases.TC003_LoginDDT - *********TC003_LoginDDT Started**********
17:33:05.355 [main] INFO  testCases.TC003_LoginDDT - Click on MyAccount
17:33:05.660 [main] INFO  testCases.TC003_LoginDDT - Click on the Login
17:33:07.246 [main] INFO  testCases.TC003_LoginDDT - Finishing TC_003_DataDrivenTest.......
17:33:07.252 [main] INFO  testCases.TC003_LoginDDT - *********TC003_LoginDDT Started**********
17:33:07.323 [main] INFO  testCases.TC003_LoginDDT - Click on MyAccount
17:33:07.657 [main] INFO  testCases.TC003_LoginDDT - Click on the Login
17:33:09.408 [main] INFO  testCases.TC003_LoginDDT - Finishing TC_003_DataDrivenTest.......
17:33:09.411 [main] INFO  testCases.TC003_LoginDDT - *********TC003_LoginDDT Started**********
17:33:09.512 [main] INFO  testCases.TC003_LoginDDT - Click on MyAccount
17:33:09.908 [main] INFO  testCases.TC003_LoginDDT - Click on the Login
17:33:12.179 [main] INFO  testCases.TC003_LoginDDT - *********TC003_LoginDDT Started**********
17:33:12.265 [main] INFO  testCases.TC003_LoginDDT - Click on MyAccount
17:33:12.681 [main] INFO  testCases.TC003_LoginDDT - Click on the Login
17:33:46.955 [main] DEBUG org.testng.TestNG - suiteXmlPath: "C:\Users\samue\Desktop\Codes\OpenCart\Grouping.xml"
17:33:47.186 [main] INFO  org.testng.internal.Utils - [TestNG] Running:
  C:\Users\samue\Desktop\Codes\OpenCart\Grouping.xml

17:33:52.949 [main] INFO  testCases.TC001_AccountRegisterTest - ********Starting TC001_AccountRegisterTest*********
17:33:53.033 [main] INFO  testCases.TC001_AccountRegisterTest - Click on my Account
17:33:55.777 [main] INFO  testCases.TC001_AccountRegisterTest - Click on my Register
17:33:55.779 [main] INFO  testCases.TC001_AccountRegisterTest - Providing customer details
17:33:57.910 [main] INFO  testCases.TC001_AccountRegisterTest - Validation the final Message
17:33:57.946 [main] INFO  testCases.TC001_AccountRegisterTest - ********Finished TC001_AccountRegisterTest**********
17:34:01.324 [main] INFO  testCases.TC002_LoginTest - ******TC002_LoginTest Started******
17:34:01.411 [main] INFO  testCases.TC002_LoginTest - Click on MyAccount
17:34:01.827 [main] INFO  testCases.TC002_LoginTest - Click on the Login
17:34:02.871 [main] INFO  testCases.TC002_LoginTest - ******TC002_LoginTest Finished******
17:37:10.223 [main] DEBUG org.testng.TestNG - suiteXmlPath: "C:\Users\samue\Desktop\Codes\OpenCart\Grouping.xml"
17:37:10.455 [main] INFO  org.testng.internal.Utils - [TestNG] Running:
  C:\Users\samue\Desktop\Codes\OpenCart\Grouping.xml

17:37:13.364 [main] INFO  testCases.TC001_AccountRegisterTest - ********Starting TC001_AccountRegisterTest*********
17:37:13.452 [main] INFO  testCases.TC001_AccountRegisterTest - Click on my Account
17:37:14.043 [main] INFO  testCases.TC001_AccountRegisterTest - Click on my Register
17:37:14.044 [main] INFO  testCases.TC001_AccountRegisterTest - Providing customer details
17:37:15.360 [main] INFO  testCases.TC001_AccountRegisterTest - Validation the final Message
17:37:15.392 [main] INFO  testCases.TC001_AccountRegisterTest - ********Finished TC001_AccountRegisterTest**********
17:37:18.368 [main] INFO  testCases.TC002_LoginTest - ******TC002_LoginTest Started******
17:37:18.434 [main] INFO  testCases.TC002_LoginTest - Click on MyAccount
17:37:18.844 [main] INFO  testCases.TC002_LoginTest - Click on the Login
17:37:19.916 [main] INFO  testCases.TC002_LoginTest - ******TC002_LoginTest Finished******
17:38:14.709 [main] DEBUG org.testng.TestNG - suiteXmlPath: "C:\Users\samue\Desktop\Codes\OpenCart\Grouping.xml"
17:38:14.945 [main] INFO  org.testng.internal.Utils - [TestNG] Running:
  C:\Users\samue\Desktop\Codes\OpenCart\Grouping.xml

17:38:18.172 [main] INFO  testCases.TC001_AccountRegisterTest - ********Starting TC001_AccountRegisterTest*********
17:38:18.266 [main] INFO  testCases.TC001_AccountRegisterTest - Click on my Account
17:38:19.471 [main] INFO  testCases.TC001_AccountRegisterTest - Click on my Register
17:38:19.472 [main] INFO  testCases.TC001_AccountRegisterTest - Providing customer details
17:38:19.888 [main] INFO  testCases.TC001_AccountRegisterTest - Validation the final Message
17:38:20.823 [main] INFO  testCases.TC001_AccountRegisterTest - ********Finished TC001_AccountRegisterTest**********
17:38:23.985 [main] INFO  testCases.TC002_LoginTest - ******TC002_LoginTest Started******
17:38:24.069 [main] INFO  testCases.TC002_LoginTest - Click on MyAccount
17:38:24.484 [main] INFO  testCases.TC002_LoginTest - Click on the Login
17:38:25.678 [main] INFO  testCases.TC002_LoginTest - ******TC002_LoginTest Finished******
17:41:27.997 [main] DEBUG org.testng.TestNG - suiteXmlPath: "C:\Users\samue\Desktop\Codes\OpenCart\Grouping.xml"
17:41:28.227 [main] INFO  org.testng.internal.Utils - [TestNG] Running:
  C:\Users\samue\Desktop\Codes\OpenCart\Grouping.xml

17:41:31.091 [main] INFO  testCases.TC001_AccountRegisterTest - ********Starting TC001_AccountRegisterTest*********
17:41:31.234 [main] INFO  testCases.TC001_AccountRegisterTest - Click on my Account
17:41:31.785 [main] INFO  testCases.TC001_AccountRegisterTest - Click on my Register
17:41:31.787 [main] INFO  testCases.TC001_AccountRegisterTest - Providing customer details
17:41:33.100 [main] INFO  testCases.TC001_AccountRegisterTest - Validation the final Message
17:41:33.140 [main] INFO  testCases.TC001_AccountRegisterTest - ********Finished TC001_AccountRegisterTest**********
17:41:36.192 [main] INFO  testCases.TC002_LoginTest - ******TC002_LoginTest Started******
17:41:36.270 [main] INFO  testCases.TC002_LoginTest - Click on MyAccount
17:41:36.684 [main] INFO  testCases.TC002_LoginTest - Click on the Login
17:41:37.676 [main] INFO  testCases.TC002_LoginTest - ******TC002_LoginTest Finished******
17:43:21.078 [main] DEBUG org.testng.TestNG - suiteXmlPath: "C:\Users\samue\AppData\Local\Temp\testng-eclipse-625067040\testng-customsuite.xml"
17:43:21.264 [main] INFO  org.testng.internal.Utils - [Utils] MethodGroupsHelper.collectMethodsByGroup() took 0 ms.
17:43:21.267 [main] INFO  org.testng.internal.Utils - [Utils] MethodGroupsHelper.sortMethods() took 1 ms.
17:43:21.268 [main] INFO  org.testng.internal.Utils - [Utils] MethodGroupsHelper.collectMethodsByGroup() took 0 ms.
17:43:21.268 [main] INFO  org.testng.internal.Utils - [Utils] MethodGroupsHelper.sortMethods() took 0 ms.
17:43:21.268 [main] INFO  org.testng.internal.Utils - [Utils] MethodGroupsHelper.collectMethodsByGroup() took 0 ms.
17:43:21.268 [main] INFO  org.testng.internal.Utils - [Utils] MethodGroupsHelper.sortMethods() took 0 ms.
17:43:21.269 [main] INFO  org.testng.internal.Utils - [Utils] MethodGroupsHelper.collectMethodsByGroup() took 0 ms.
17:43:21.269 [main] INFO  org.testng.internal.Utils - [Utils] MethodGroupsHelper.sortMethods() took 0 ms.
17:43:21.272 [main] INFO  org.testng.internal.Utils - [Utils] MethodGroupsHelper.collectMethodsByGroup() took 2 ms.
17:43:21.286 [main] INFO  org.testng.internal.Utils - [Utils] MethodGroupsHelper.sortMethods() took 14 ms.
17:43:21.287 [main] INFO  org.testng.internal.Utils - [Utils] MethodGroupsHelper.collectMethodsByGroup() took 0 ms.
17:43:21.288 [main] INFO  org.testng.internal.Utils - [Utils] MethodGroupsHelper.sortMethods() took 0 ms.
17:43:21.288 [main] INFO  org.testng.internal.Utils - [Utils] MethodGroupsHelper.collectMethodsByGroup() took 0 ms.
17:43:21.288 [main] INFO  org.testng.internal.Utils - [Utils] MethodGroupsHelper.sortMethods() took 0 ms.
17:43:21.289 [main] INFO  org.testng.internal.Utils - [Utils] MethodGroupsHelper.collectMethodsByGroup() took 0 ms.
17:43:21.289 [main] INFO  org.testng.internal.Utils - [Utils] MethodGroupsHelper.sortMethods() took 0 ms.
17:43:21.291 [main] INFO  org.testng.internal.Utils - [Utils] MethodGroupsHelper.collectMethodsByGroup() took 0 ms.
17:43:21.291 [main] INFO  org.testng.internal.Utils - [Utils] MethodGroupsHelper.sortMethods() took 0 ms.
17:43:21.292 [main] INFO  org.testng.internal.Utils - [Utils] MethodGroupsHelper.collectMethodsByGroup() took 0 ms.
17:43:21.292 [main] INFO  org.testng.internal.Utils - [Utils] MethodGroupsHelper.sortMethods() took 0 ms.
17:43:21.295 [main] INFO  org.testng.internal.Utils - [Utils] MethodGroupsHelper.collectMethodsByGroup() took 0 ms.
17:43:21.295 [main] INFO  org.testng.internal.Utils - [Utils] MethodGroupsHelper.sortMethods() took 0 ms.
17:43:21.295 [main] INFO  org.testng.internal.Utils - [Utils] MethodGroupsHelper.collectMethodsByGroup() took 0 ms.
17:43:21.295 [main] INFO  org.testng.internal.Utils - [Utils] MethodGroupsHelper.sortMethods() took 0 ms.
17:43:21.297 [main] INFO  org.testng.internal.Utils - [Utils] MethodGroupsHelper.collectMethodsByGroup() took 0 ms.
17:43:21.297 [main] INFO  org.testng.internal.Utils - [Utils] MethodGroupsHelper.sortMethods() took 0 ms.
17:43:21.298 [main] INFO  org.testng.internal.Utils - [Utils] MethodGroupsHelper.collectMethodsByGroup() took 0 ms.
17:43:21.298 [main] INFO  org.testng.internal.Utils - [Utils] MethodGroupsHelper.sortMethods() took 0 ms.
17:43:21.298 [main] INFO  org.testng.internal.Utils - [Utils] MethodGroupsHelper.collectMethodsByGroup() took 0 ms.
17:43:21.298 [main] INFO  org.testng.internal.Utils - [Utils] MethodGroupsHelper.sortMethods() took 0 ms.
17:43:21.303 [main] INFO  org.testng.internal.Utils - [TestNG] Running:
  C:\Users\samue\AppData\Local\Temp\testng-eclipse-625067040\testng-customsuite.xml

17:43:21.320 [main] INFO  org.testng.internal.Utils - [Utils] DynamicGraphHelper.createDynamicGraph() took 4 ms.
17:43:21.464 [main] INFO  org.testng.internal.Utils - [TestNG] Time taken by org.testng.reporters.jq.Main@11acdc30: 53 ms
17:43:21.476 [main] INFO  org.testng.internal.Utils - [TestNG] Time taken by org.testng.reporters.FailedReporter@a486d78: 12 ms
17:43:21.484 [main] INFO  org.testng.internal.Utils - [TestNG] Time taken by org.testng.reporters.XMLReporter@12cd9150: 8 ms
17:43:21.489 [main] INFO  org.testng.internal.Utils - [TestNG] Time taken by org.testng.reporters.EmailableReporter2@26be6ca7: 5 ms
17:43:21.496 [main] INFO  org.testng.internal.Utils - [TestNG] Time taken by org.testng.reporters.JUnitReportReporter@782a4fff: 7 ms
17:43:21.496 [main] INFO  org.testng.internal.Utils - [TestNG] Time taken by org.testng.internal.ExitCodeListener@46c670a6: 0 ms
17:43:32.747 [main] DEBUG org.testng.TestNG - suiteXmlPath: "C:\Users\samue\Desktop\Codes\OpenCart\Grouping.xml"
17:43:32.981 [main] INFO  org.testng.internal.Utils - [TestNG] Running:
  C:\Users\samue\Desktop\Codes\OpenCart\Grouping.xml

17:43:36.212 [main] INFO  testCases.TC001_AccountRegisterTest - ********Starting TC001_AccountRegisterTest*********
17:43:36.300 [main] INFO  testCases.TC001_AccountRegisterTest - Click on my Account
17:43:36.915 [main] INFO  testCases.TC001_AccountRegisterTest - Click on my Register
17:43:36.916 [main] INFO  testCases.TC001_AccountRegisterTest - Providing customer details
17:43:38.343 [main] INFO  testCases.TC001_AccountRegisterTest - Validation the final Message
17:43:38.369 [main] INFO  testCases.TC001_AccountRegisterTest - ********Finished TC001_AccountRegisterTest**********
17:43:41.219 [main] INFO  testCases.TC002_LoginTest - ******TC002_LoginTest Started******
17:43:41.304 [main] INFO  testCases.TC002_LoginTest - Click on MyAccount
17:43:41.717 [main] INFO  testCases.TC002_LoginTest - Click on the Login
17:43:42.787 [main] INFO  testCases.TC002_LoginTest - ******TC002_LoginTest Finished******
17:44:12.617 [main] DEBUG org.testng.TestNG - suiteXmlPath: "C:\Users\samue\Desktop\Codes\OpenCart\Grouping.xml"
17:44:12.848 [main] INFO  org.testng.internal.Utils - [TestNG] Running:
  C:\Users\samue\Desktop\Codes\OpenCart\Grouping.xml

17:44:15.653 [main] INFO  testCases.TC001_AccountRegisterTest - ********Starting TC001_AccountRegisterTest*********
17:44:15.759 [main] INFO  testCases.TC001_AccountRegisterTest - Click on my Account
17:44:16.345 [main] INFO  testCases.TC001_AccountRegisterTest - Click on my Register
17:44:16.346 [main] INFO  testCases.TC001_AccountRegisterTest - Providing customer details
17:44:17.655 [main] INFO  testCases.TC001_AccountRegisterTest - Validation the final Message
17:44:17.688 [main] INFO  testCases.TC001_AccountRegisterTest - ********Finished TC001_AccountRegisterTest**********
17:44:20.547 [main] INFO  testCases.TC002_LoginTest - ******TC002_LoginTest Started******
17:44:20.627 [main] INFO  testCases.TC002_LoginTest - Click on MyAccount
17:44:21.033 [main] INFO  testCases.TC002_LoginTest - Click on the Login
17:44:22.112 [main] INFO  testCases.TC002_LoginTest - ******TC002_LoginTest Finished******
17:47:10.373 [main] DEBUG org.testng.TestNG - suiteXmlPath: "C:\Users\samue\AppData\Local\Temp\testng-eclipse--607562811\testng-customsuite.xml"
17:47:10.549 [main] INFO  org.testng.internal.Utils - [Utils] MethodGroupsHelper.collectMethodsByGroup() took 0 ms.
17:47:10.551 [main] INFO  org.testng.internal.Utils - [Utils] MethodGroupsHelper.sortMethods() took 0 ms.
17:47:10.552 [main] INFO  org.testng.internal.Utils - [Utils] MethodGroupsHelper.collectMethodsByGroup() took 0 ms.
17:47:10.552 [main] INFO  org.testng.internal.Utils - [Utils] MethodGroupsHelper.sortMethods() took 0 ms.
17:47:10.553 [main] INFO  org.testng.internal.Utils - [Utils] MethodGroupsHelper.collectMethodsByGroup() took 0 ms.
17:47:10.553 [main] INFO  org.testng.internal.Utils - [Utils] MethodGroupsHelper.sortMethods() took 0 ms.
17:47:10.553 [main] INFO  org.testng.internal.Utils - [Utils] MethodGroupsHelper.collectMethodsByGroup() took 0 ms.
17:47:10.553 [main] INFO  org.testng.internal.Utils - [Utils] MethodGroupsHelper.sortMethods() took 0 ms.
17:47:10.556 [main] INFO  org.testng.internal.Utils - [Utils] MethodGroupsHelper.collectMethodsByGroup() took 1 ms.
17:47:10.571 [main] INFO  org.testng.internal.Utils - [Utils] MethodGroupsHelper.sortMethods() took 15 ms.
17:47:10.572 [main] INFO  org.testng.internal.Utils - [Utils] MethodGroupsHelper.collectMethodsByGroup() took 0 ms.
17:47:10.572 [main] INFO  org.testng.internal.Utils - [Utils] MethodGroupsHelper.sortMethods() took 0 ms.
17:47:10.573 [main] INFO  org.testng.internal.Utils - [Utils] MethodGroupsHelper.collectMethodsByGroup() took 0 ms.
17:47:10.573 [main] INFO  org.testng.internal.Utils - [Utils] MethodGroupsHelper.sortMethods() took 0 ms.
17:47:10.573 [main] INFO  org.testng.internal.Utils - [Utils] MethodGroupsHelper.collectMethodsByGroup() took 0 ms.
17:47:10.573 [main] INFO  org.testng.internal.Utils - [Utils] MethodGroupsHelper.sortMethods() took 0 ms.
17:47:10.574 [main] INFO  org.testng.internal.Utils - [Utils] MethodGroupsHelper.collectMethodsByGroup() took 0 ms.
17:47:10.575 [main] INFO  org.testng.internal.Utils - [Utils] MethodGroupsHelper.sortMethods() took 0 ms.
17:47:10.575 [main] INFO  org.testng.internal.Utils - [Utils] MethodGroupsHelper.collectMethodsByGroup() took 0 ms.
17:47:10.575 [main] INFO  org.testng.internal.Utils - [Utils] MethodGroupsHelper.sortMethods() took 0 ms.
17:47:10.577 [main] INFO  org.testng.internal.Utils - [Utils] MethodGroupsHelper.collectMethodsByGroup() took 0 ms.
17:47:10.577 [main] INFO  org.testng.internal.Utils - [Utils] MethodGroupsHelper.sortMethods() took 0 ms.
17:47:10.577 [main] INFO  org.testng.internal.Utils - [Utils] MethodGroupsHelper.collectMethodsByGroup() took 0 ms.
17:47:10.577 [main] INFO  org.testng.internal.Utils - [Utils] MethodGroupsHelper.sortMethods() took 0 ms.
17:47:10.578 [main] INFO  org.testng.internal.Utils - [Utils] MethodGroupsHelper.collectMethodsByGroup() took 0 ms.
17:47:10.578 [main] INFO  org.testng.internal.Utils - [Utils] MethodGroupsHelper.sortMethods() took 0 ms.
17:47:10.579 [main] INFO  org.testng.internal.Utils - [Utils] MethodGroupsHelper.collectMethodsByGroup() took 0 ms.
17:47:10.579 [main] INFO  org.testng.internal.Utils - [Utils] MethodGroupsHelper.sortMethods() took 0 ms.
17:47:10.579 [main] INFO  org.testng.internal.Utils - [Utils] MethodGroupsHelper.collectMethodsByGroup() took 0 ms.
17:47:10.579 [main] INFO  org.testng.internal.Utils - [Utils] MethodGroupsHelper.sortMethods() took 0 ms.
17:47:10.584 [main] INFO  org.testng.internal.Utils - [TestNG] Running:
  C:\Users\samue\AppData\Local\Temp\testng-eclipse--607562811\testng-customsuite.xml

17:47:10.596 [main] INFO  org.testng.internal.Utils - [Utils] DynamicGraphHelper.createDynamicGraph() took 2 ms.
17:47:10.730 [main] INFO  org.testng.internal.Utils - [TestNG] Time taken by org.testng.reporters.jq.Main@11acdc30: 52 ms
17:47:10.742 [main] INFO  org.testng.internal.Utils - [TestNG] Time taken by org.testng.reporters.FailedReporter@a486d78: 12 ms
17:47:10.751 [main] INFO  org.testng.internal.Utils - [TestNG] Time taken by org.testng.reporters.XMLReporter@12cd9150: 8 ms
17:47:10.758 [main] INFO  org.testng.internal.Utils - [TestNG] Time taken by org.testng.reporters.EmailableReporter2@26be6ca7: 7 ms
17:47:10.764 [main] INFO  org.testng.internal.Utils - [TestNG] Time taken by org.testng.reporters.JUnitReportReporter@782a4fff: 6 ms
17:47:10.765 [main] INFO  org.testng.internal.Utils - [TestNG] Time taken by org.testng.internal.ExitCodeListener@46c670a6: 0 ms
