17:47:24.634 [main] DEBUG org.testng.TestNG - suiteXmlPath: "C:\Users\samue\Desktop\Codes\OpenCart\Grouping.xml"
17:47:24.871 [main] INFO  org.testng.internal.Utils - [TestNG] Running:
  C:\Users\samue\Desktop\Codes\OpenCart\Grouping.xml

17:47:28.138 [main] INFO  testCases.TC001_AccountRegisterTest - ********Starting TC001_AccountRegisterTest*********
17:47:28.220 [main] INFO  testCases.TC001_AccountRegisterTest - Click on my Account
17:47:28.853 [main] INFO  testCases.TC001_AccountRegisterTest - Click on my Register
17:47:28.854 [main] INFO  testCases.TC001_AccountRegisterTest - Providing customer details
17:47:29.295 [main] INFO  testCases.TC001_AccountRegisterTest - Validation the final Message
17:47:30.310 [main] INFO  testCases.TC001_AccountRegisterTest - ********Finished TC001_AccountRegisterTest**********
17:47:33.449 [main] INFO  testCases.TC002_LoginTest - ******TC002_LoginTest Started******
17:47:33.541 [main] INFO  testCases.TC002_LoginTest - Click on MyAccount
17:47:33.970 [main] INFO  testCases.TC002_LoginTest - Click on the Login
17:49:37.986 [main] DEBUG org.testng.TestNG - suiteXmlPath: "C:\Users\samue\Desktop\Codes\OpenCart\Grouping.xml"
17:51:03.120 [main] DEBUG org.testng.TestNG - suiteXmlPath: "C:\Users\samue\Desktop\Codes\OpenCart\Grouping.xml"
17:51:03.368 [main] INFO  org.testng.internal.Utils - [TestNG] Running:
  C:\Users\samue\Desktop\Codes\OpenCart\Grouping.xml

17:51:06.785 [main] INFO  testCases.TC001_AccountRegisterTest - ********Starting TC001_AccountRegisterTest*********
17:51:06.871 [main] INFO  testCases.TC001_AccountRegisterTest - Click on my Account
17:51:08.788 [main] INFO  testCases.TC001_AccountRegisterTest - Click on my Register
17:51:08.790 [main] INFO  testCases.TC001_AccountRegisterTest - Providing customer details
17:51:10.125 [main] INFO  testCases.TC001_AccountRegisterTest - Validation the final Message
17:51:10.157 [main] INFO  testCases.TC001_AccountRegisterTest - ********Finished TC001_AccountRegisterTest**********
17:51:13.007 [main] INFO  testCases.TC002_LoginTest - ******TC002_LoginTest Started******
17:51:13.095 [main] INFO  testCases.TC002_LoginTest - Click on MyAccount
17:51:13.411 [main] INFO  testCases.TC002_LoginTest - Click on the Login
17:53:00.382 [main] DEBUG org.testng.TestNG - suiteXmlPath: "C:\Users\samue\Desktop\Codes\OpenCart\Master.xml"
17:53:00.606 [main] INFO  org.testng.internal.Utils - [TestNG] Running:
  C:\Users\samue\Desktop\Codes\OpenCart\Master.xml

17:53:04.084 [main] DEBUG org.apache.poi.openxml4j.opc.PackageRelationshipCollection - Parsing relationship: /xl/_rels/workbook.xml.rels
17:53:04.086 [main] DEBUG org.apache.poi.openxml4j.opc.PackageRelationshipCollection - Parsing relationship: /xl/worksheets/_rels/sheet1.xml.rels
17:53:04.089 [main] DEBUG org.apache.poi.openxml4j.opc.PackageRelationshipCollection - Parsing relationship: /_rels/.rels
17:53:04.500 [main] DEBUG org.apache.poi.openxml4j.opc.PackageRelationshipCollection - Parsing relationship: /xl/_rels/workbook.xml.rels
17:53:04.502 [main] DEBUG org.apache.poi.openxml4j.opc.PackageRelationshipCollection - Parsing relationship: /xl/worksheets/_rels/sheet1.xml.rels
17:53:04.503 [main] DEBUG org.apache.poi.openxml4j.opc.PackageRelationshipCollection - Parsing relationship: /_rels/.rels
17:53:04.527 [main] DEBUG org.apache.poi.openxml4j.opc.PackageRelationshipCollection - Parsing relationship: /xl/_rels/workbook.xml.rels
17:53:04.528 [main] DEBUG org.apache.poi.openxml4j.opc.PackageRelationshipCollection - Parsing relationship: /xl/worksheets/_rels/sheet1.xml.rels
17:53:04.529 [main] DEBUG org.apache.poi.openxml4j.opc.PackageRelationshipCollection - Parsing relationship: /_rels/.rels
17:53:04.556 [main] DEBUG org.apache.poi.openxml4j.opc.PackageRelationshipCollection - Parsing relationship: /xl/_rels/workbook.xml.rels
17:53:04.557 [main] DEBUG org.apache.poi.openxml4j.opc.PackageRelationshipCollection - Parsing relationship: /xl/worksheets/_rels/sheet1.xml.rels
17:53:04.558 [main] DEBUG org.apache.poi.openxml4j.opc.PackageRelationshipCollection - Parsing relationship: /_rels/.rels
17:53:04.578 [main] DEBUG org.apache.poi.openxml4j.opc.PackageRelationshipCollection - Parsing relationship: /xl/_rels/workbook.xml.rels
17:53:04.579 [main] DEBUG org.apache.poi.openxml4j.opc.PackageRelationshipCollection - Parsing relationship: /xl/worksheets/_rels/sheet1.xml.rels
17:53:04.580 [main] DEBUG org.apache.poi.openxml4j.opc.PackageRelationshipCollection - Parsing relationship: /_rels/.rels
17:53:04.598 [main] DEBUG org.apache.poi.openxml4j.opc.PackageRelationshipCollection - Parsing relationship: /xl/_rels/workbook.xml.rels
17:53:04.599 [main] DEBUG org.apache.poi.openxml4j.opc.PackageRelationshipCollection - Parsing relationship: /xl/worksheets/_rels/sheet1.xml.rels
17:53:04.600 [main] DEBUG org.apache.poi.openxml4j.opc.PackageRelationshipCollection - Parsing relationship: /_rels/.rels
17:53:04.619 [main] DEBUG org.apache.poi.openxml4j.opc.PackageRelationshipCollection - Parsing relationship: /xl/_rels/workbook.xml.rels
17:53:04.619 [main] DEBUG org.apache.poi.openxml4j.opc.PackageRelationshipCollection - Parsing relationship: /xl/worksheets/_rels/sheet1.xml.rels
17:53:04.620 [main] DEBUG org.apache.poi.openxml4j.opc.PackageRelationshipCollection - Parsing relationship: /_rels/.rels
17:53:04.637 [main] DEBUG org.apache.poi.openxml4j.opc.PackageRelationshipCollection - Parsing relationship: /xl/_rels/workbook.xml.rels
17:53:04.638 [main] DEBUG org.apache.poi.openxml4j.opc.PackageRelationshipCollection - Parsing relationship: /xl/worksheets/_rels/sheet1.xml.rels
17:53:04.639 [main] DEBUG org.apache.poi.openxml4j.opc.PackageRelationshipCollection - Parsing relationship: /_rels/.rels
17:53:04.653 [main] DEBUG org.apache.poi.openxml4j.opc.PackageRelationshipCollection - Parsing relationship: /xl/_rels/workbook.xml.rels
17:53:04.654 [main] DEBUG org.apache.poi.openxml4j.opc.PackageRelationshipCollection - Parsing relationship: /xl/worksheets/_rels/sheet1.xml.rels
17:53:04.655 [main] DEBUG org.apache.poi.openxml4j.opc.PackageRelationshipCollection - Parsing relationship: /_rels/.rels
17:53:04.669 [main] DEBUG org.apache.poi.openxml4j.opc.PackageRelationshipCollection - Parsing relationship: /xl/_rels/workbook.xml.rels
17:53:04.670 [main] DEBUG org.apache.poi.openxml4j.opc.PackageRelationshipCollection - Parsing relationship: /xl/worksheets/_rels/sheet1.xml.rels
17:53:04.670 [main] DEBUG org.apache.poi.openxml4j.opc.PackageRelationshipCollection - Parsing relationship: /_rels/.rels
17:53:04.684 [main] DEBUG org.apache.poi.openxml4j.opc.PackageRelationshipCollection - Parsing relationship: /xl/_rels/workbook.xml.rels
17:53:04.685 [main] DEBUG org.apache.poi.openxml4j.opc.PackageRelationshipCollection - Parsing relationship: /xl/worksheets/_rels/sheet1.xml.rels
17:53:04.686 [main] DEBUG org.apache.poi.openxml4j.opc.PackageRelationshipCollection - Parsing relationship: /_rels/.rels
17:53:04.700 [main] DEBUG org.apache.poi.openxml4j.opc.PackageRelationshipCollection - Parsing relationship: /xl/_rels/workbook.xml.rels
17:53:04.701 [main] DEBUG org.apache.poi.openxml4j.opc.PackageRelationshipCollection - Parsing relationship: /xl/worksheets/_rels/sheet1.xml.rels
17:53:04.701 [main] DEBUG org.apache.poi.openxml4j.opc.PackageRelationshipCollection - Parsing relationship: /_rels/.rels
17:53:04.715 [main] DEBUG org.apache.poi.openxml4j.opc.PackageRelationshipCollection - Parsing relationship: /xl/_rels/workbook.xml.rels
17:53:04.716 [main] DEBUG org.apache.poi.openxml4j.opc.PackageRelationshipCollection - Parsing relationship: /xl/worksheets/_rels/sheet1.xml.rels
17:53:04.716 [main] DEBUG org.apache.poi.openxml4j.opc.PackageRelationshipCollection - Parsing relationship: /_rels/.rels
17:53:04.728 [main] DEBUG org.apache.poi.openxml4j.opc.PackageRelationshipCollection - Parsing relationship: /xl/_rels/workbook.xml.rels
17:53:04.728 [main] DEBUG org.apache.poi.openxml4j.opc.PackageRelationshipCollection - Parsing relationship: /xl/worksheets/_rels/sheet1.xml.rels
17:53:04.729 [main] DEBUG org.apache.poi.openxml4j.opc.PackageRelationshipCollection - Parsing relationship: /_rels/.rels
17:53:04.753 [main] INFO  testCases.TC003_LoginDDT - *********TC003_LoginDDT Started**********
17:53:04.830 [main] INFO  testCases.TC003_LoginDDT - Click on MyAccount
17:53:05.228 [main] INFO  testCases.TC003_LoginDDT - Click on the Login
17:53:16.167 [main] INFO  testCases.TC003_LoginDDT - Finishing TC_003_DataDrivenTest.......
17:53:16.174 [main] INFO  testCases.TC003_LoginDDT - *********TC003_LoginDDT Started**********
17:53:16.259 [main] INFO  testCases.TC003_LoginDDT - Click on MyAccount
17:53:17.926 [main] INFO  testCases.TC003_LoginDDT - Click on the Login
17:53:20.657 [main] INFO  testCases.TC003_LoginDDT - Finishing TC_003_DataDrivenTest.......
17:53:20.664 [main] INFO  testCases.TC003_LoginDDT - *********TC003_LoginDDT Started**********
17:53:20.768 [main] INFO  testCases.TC003_LoginDDT - Click on MyAccount
17:53:21.125 [main] INFO  testCases.TC003_LoginDDT - Click on the Login
17:53:22.946 [main] INFO  testCases.TC003_LoginDDT - Finishing TC_003_DataDrivenTest.......
17:53:22.949 [main] INFO  testCases.TC003_LoginDDT - *********TC003_LoginDDT Started**********
17:53:23.038 [main] INFO  testCases.TC003_LoginDDT - Click on MyAccount
17:53:23.403 [main] INFO  testCases.TC003_LoginDDT - Click on the Login
17:53:33.755 [main] INFO  testCases.TC003_LoginDDT - Finishing TC_003_DataDrivenTest.......
17:53:33.761 [main] INFO  testCases.TC003_LoginDDT - *********TC003_LoginDDT Started**********
17:53:33.828 [main] INFO  testCases.TC003_LoginDDT - Click on MyAccount
17:53:34.513 [main] INFO  testCases.TC003_LoginDDT - Click on the Login
17:54:54.253 [main] DEBUG org.testng.TestNG - suiteXmlPath: "C:\Users\samue\Desktop\Codes\OpenCart\Grouping.xml"
17:54:54.483 [main] INFO  org.testng.internal.Utils - [TestNG] Running:
  C:\Users\samue\Desktop\Codes\OpenCart\Grouping.xml

17:54:57.799 [main] INFO  testCases.TC001_AccountRegisterTest - ********Starting TC001_AccountRegisterTest*********
17:54:57.892 [main] INFO  testCases.TC001_AccountRegisterTest - Click on my Account
17:54:58.476 [main] INFO  testCases.TC001_AccountRegisterTest - Click on my Register
17:54:58.477 [main] INFO  testCases.TC001_AccountRegisterTest - Providing customer details
17:54:58.951 [main] INFO  testCases.TC001_AccountRegisterTest - Validation the final Message
17:54:59.961 [main] INFO  testCases.TC001_AccountRegisterTest - ********Finished TC001_AccountRegisterTest**********
17:55:04.831 [main] INFO  testCases.TC002_LoginTest - ******TC002_LoginTest Started******
17:55:04.912 [main] INFO  testCases.TC002_LoginTest - Click on MyAccount
17:55:05.605 [main] INFO  testCases.TC002_LoginTest - Click on the Login
17:59:02.622 [main] DEBUG org.testng.TestNG - suiteXmlPath: "C:\Users\samue\Desktop\Codes\OpenCart\Grouping.xml"
17:59:02.849 [main] INFO  org.testng.internal.Utils - [TestNG] Running:
  C:\Users\samue\Desktop\Codes\OpenCart\Grouping.xml

17:59:11.393 [main] INFO  testCases.TC001_AccountRegisterTest - ********Starting TC001_AccountRegisterTest*********
17:59:11.520 [main] INFO  testCases.TC001_AccountRegisterTest - Click on my Account
17:59:13.351 [main] INFO  testCases.TC001_AccountRegisterTest - Click on my Register
17:59:13.352 [main] INFO  testCases.TC001_AccountRegisterTest - Providing customer details
17:59:14.099 [main] INFO  testCases.TC001_AccountRegisterTest - Validation the final Message
17:59:15.137 [main] INFO  testCases.TC001_AccountRegisterTest - ********Finished TC001_AccountRegisterTest**********
17:59:18.701 [main] INFO  testCases.TC002_LoginTest - ******TC002_LoginTest Started******
17:59:18.778 [main] INFO  testCases.TC002_LoginTest - Click on MyAccount
17:59:19.190 [main] INFO  testCases.TC002_LoginTest - Click on the Login
17:59:20.447 [main] INFO  testCases.TC002_LoginTest - ******TC002_LoginTest Finished******
18:06:40.752 [main] DEBUG org.testng.TestNG - suiteXmlPath: "C:\Users\samue\Desktop\Codes\OpenCart\Grouping.xml"
18:06:40.989 [main] INFO  org.testng.internal.Utils - [TestNG] Running:
  C:\Users\samue\Desktop\Codes\OpenCart\Grouping.xml

18:06:44.136 [main] INFO  testCases.TC001_AccountRegisterTest - ********Starting TC001_AccountRegisterTest*********
18:06:44.218 [main] INFO  testCases.TC001_AccountRegisterTest - Click on my Account
18:06:44.740 [main] INFO  testCases.TC001_AccountRegisterTest - Click on my Register
18:06:44.741 [main] INFO  testCases.TC001_AccountRegisterTest - Providing customer details
18:06:45.160 [main] INFO  testCases.TC001_AccountRegisterTest - Validation the final Message
18:06:45.999 [main] INFO  testCases.TC001_AccountRegisterTest - ********Finished TC001_AccountRegisterTest**********
18:06:48.841 [main] INFO  testCases.TC002_LoginTest - ******TC002_LoginTest Started******
18:06:48.922 [main] INFO  testCases.TC002_LoginTest - Click on MyAccount
18:06:49.237 [main] INFO  testCases.TC002_LoginTest - Click on the Login
18:10:19.889 [main] DEBUG org.testng.TestNG - suiteXmlPath: "C:\Users\samue\Desktop\Codes\OpenCart\Grouping.xml"
18:10:20.113 [main] INFO  org.testng.internal.Utils - [TestNG] Running:
  C:\Users\samue\Desktop\Codes\OpenCart\Grouping.xml

18:10:26.758 [main] INFO  testCases.TC001_AccountRegisterTest - ********Starting TC001_AccountRegisterTest*********
18:10:26.847 [main] INFO  testCases.TC001_AccountRegisterTest - Click on my Account
18:10:28.461 [main] INFO  testCases.TC001_AccountRegisterTest - Click on my Register
18:10:28.463 [main] INFO  testCases.TC001_AccountRegisterTest - Providing customer details
18:10:30.017 [main] INFO  testCases.TC001_AccountRegisterTest - Validation the final Message
18:10:30.056 [main] INFO  testCases.TC001_AccountRegisterTest - ********Finished TC001_AccountRegisterTest**********
18:10:33.220 [main] INFO  testCases.TC002_LoginTest - ******TC002_LoginTest Started******
18:10:33.307 [main] INFO  testCases.TC002_LoginTest - Click on MyAccount
18:10:33.696 [main] INFO  testCases.TC002_LoginTest - Click on the Login
18:16:51.484 [main] DEBUG org.testng.TestNG - suiteXmlPath: "C:\Users\samue\Desktop\Codes\OpenCart\Grouping.xml"
18:16:51.728 [main] INFO  org.testng.internal.Utils - [TestNG] Running:
  C:\Users\samue\Desktop\Codes\OpenCart\Grouping.xml

18:17:00.082 [main] INFO  testCases.TC001_AccountRegisterTest - ********Starting TC001_AccountRegisterTest*********
18:17:00.186 [main] INFO  testCases.TC001_AccountRegisterTest - Click on my Account
18:17:02.302 [main] INFO  testCases.TC001_AccountRegisterTest - Click on my Register
18:17:02.306 [main] INFO  testCases.TC001_AccountRegisterTest - Providing customer details
18:17:03.108 [main] INFO  testCases.TC001_AccountRegisterTest - Validation the final Message
18:17:04.090 [main] INFO  testCases.TC001_AccountRegisterTest - ********Finished TC001_AccountRegisterTest**********
18:17:08.668 [main] INFO  testCases.TC002_LoginTest - ******TC002_LoginTest Started******
18:17:08.757 [main] INFO  testCases.TC002_LoginTest - Click on MyAccount
18:17:09.163 [main] INFO  testCases.TC002_LoginTest - Click on the Login
18:19:23.039 [main] DEBUG org.testng.TestNG - suiteXmlPath: "C:\Users\samue\Desktop\Codes\OpenCart\Grouping.xml"
18:19:23.281 [main] INFO  org.testng.internal.Utils - [TestNG] Running:
  C:\Users\samue\Desktop\Codes\OpenCart\Grouping.xml

18:19:26.925 [main] INFO  testCases.TC001_AccountRegisterTest - ********Starting TC001_AccountRegisterTest*********
18:19:27.002 [main] INFO  testCases.TC001_AccountRegisterTest - Click on my Account
18:19:27.621 [main] INFO  testCases.TC001_AccountRegisterTest - Click on my Register
18:19:27.621 [main] INFO  testCases.TC001_AccountRegisterTest - Providing customer details
18:19:28.043 [main] INFO  testCases.TC001_AccountRegisterTest - Validation the final Message
18:19:29.374 [main] INFO  testCases.TC001_AccountRegisterTest - ********Finished TC001_AccountRegisterTest**********
18:19:32.628 [main] INFO  testCases.TC002_LoginTest - ******TC002_LoginTest Started******
18:19:32.704 [main] INFO  testCases.TC002_LoginTest - Click on MyAccount
18:19:33.044 [main] INFO  testCases.TC002_LoginTest - Click on the Login
18:24:33.972 [main] DEBUG org.testng.TestNG - suiteXmlPath: "C:\Users\samue\Desktop\Codes\OpenCart\Grouping.xml"
18:24:34.199 [main] INFO  org.testng.internal.Utils - [TestNG] Running:
  C:\Users\samue\Desktop\Codes\OpenCart\Grouping.xml

18:24:43.756 [main] INFO  testCases.TC001_AccountRegisterTest - ********Starting TC001_AccountRegisterTest*********
18:24:43.886 [main] INFO  testCases.TC001_AccountRegisterTest - Click on my Account
18:24:45.048 [main] INFO  testCases.TC001_AccountRegisterTest - Click on my Register
18:24:45.049 [main] INFO  testCases.TC001_AccountRegisterTest - Providing customer details
18:24:46.500 [main] INFO  testCases.TC001_AccountRegisterTest - Validation the final Message
18:24:46.543 [main] INFO  testCases.TC001_AccountRegisterTest - ********Finished TC001_AccountRegisterTest**********
18:24:51.642 [main] INFO  testCases.TC002_LoginTest - ******TC002_LoginTest Started******
18:24:51.715 [main] INFO  testCases.TC002_LoginTest - Click on MyAccount
18:24:52.114 [main] INFO  testCases.TC002_LoginTest - Click on the Login
18:26:34.479 [main] DEBUG org.testng.TestNG - suiteXmlPath: "C:\Users\samue\Desktop\Codes\OpenCart\Grouping.xml"
18:26:34.728 [main] INFO  org.testng.internal.Utils - [TestNG] Running:
  C:\Users\samue\Desktop\Codes\OpenCart\Grouping.xml

18:26:38.857 [main] INFO  testCases.TC001_AccountRegisterTest - ********Starting TC001_AccountRegisterTest*********
18:26:38.957 [main] INFO  testCases.TC001_AccountRegisterTest - Click on my Account
18:26:39.543 [main] INFO  testCases.TC001_AccountRegisterTest - Click on my Register
18:26:39.544 [main] INFO  testCases.TC001_AccountRegisterTest - Providing customer details
18:26:41.276 [main] INFO  testCases.TC001_AccountRegisterTest - Validation the final Message
18:26:41.314 [main] INFO  testCases.TC001_AccountRegisterTest - ********Finished TC001_AccountRegisterTest**********
18:26:46.812 [main] INFO  testCases.TC002_LoginTest - ******TC002_LoginTest Started******
18:26:46.896 [main] INFO  testCases.TC002_LoginTest - Click on MyAccount
18:26:47.226 [main] INFO  testCases.TC002_LoginTest - Click on the Login
18:28:28.873 [main] DEBUG org.testng.TestNG - suiteXmlPath: "C:\Users\samue\Desktop\Codes\OpenCart\Grouping.xml"
18:28:29.127 [main] INFO  org.testng.internal.Utils - [TestNG] Running:
  C:\Users\samue\Desktop\Codes\OpenCart\Grouping.xml

18:28:32.166 [main] INFO  testCases.TC001_AccountRegisterTest - ********Starting TC001_AccountRegisterTest*********
18:28:32.261 [main] INFO  testCases.TC001_AccountRegisterTest - Click on my Account
18:28:32.794 [main] INFO  testCases.TC001_AccountRegisterTest - Click on my Register
18:28:32.795 [main] INFO  testCases.TC001_AccountRegisterTest - Providing customer details
18:28:34.141 [main] INFO  testCases.TC001_AccountRegisterTest - Validation the final Message
18:28:34.170 [main] INFO  testCases.TC001_AccountRegisterTest - ********Finished TC001_AccountRegisterTest**********
18:28:36.909 [main] INFO  testCases.TC002_LoginTest - ******TC002_LoginTest Started******
18:28:36.986 [main] INFO  testCases.TC002_LoginTest - Click on MyAccount
18:28:37.332 [main] INFO  testCases.TC002_LoginTest - Click on the Login
18:50:29.343 [main] DEBUG org.testng.TestNG - suiteXmlPath: "C:\Users\samue\Desktop\Codes\OpenCart\test-output\testng-failed.xml"
18:50:29.569 [main] INFO  org.testng.internal.Utils - [TestNG] Running:
  C:\Users\samue\Desktop\Codes\OpenCart\test-output\testng-failed.xml

18:50:33.785 [main] INFO  testCases.TC002_LoginTest - ******TC002_LoginTest Started******
18:50:33.865 [main] INFO  testCases.TC002_LoginTest - Click on MyAccount
18:50:34.269 [main] INFO  testCases.TC002_LoginTest - Click on the Login
18:51:47.191 [main] DEBUG org.testng.TestNG - suiteXmlPath: "C:\Users\samue\Desktop\Codes\OpenCart\test-output\testng-failed.xml"
18:51:47.413 [main] INFO  org.testng.internal.Utils - [TestNG] Running:
  C:\Users\samue\Desktop\Codes\OpenCart\test-output\testng-failed.xml

18:51:50.882 [main] INFO  testCases.TC002_LoginTest - ******TC002_LoginTest Started******
18:51:50.974 [main] INFO  testCases.TC002_LoginTest - Click on MyAccount
18:51:51.374 [main] INFO  testCases.TC002_LoginTest - Click on the Login
19:32:46.125 [main] DEBUG org.testng.TestNG - suiteXmlPath: "C:\Users\samue\Desktop\Codes\OpenCart\test-output\testng-failed.xml"
19:32:46.349 [main] INFO  org.testng.internal.Utils - [TestNG] Running:
  C:\Users\samue\Desktop\Codes\OpenCart\test-output\testng-failed.xml

19:32:50.092 [main] INFO  testCases.TC002_LoginTest - ******TC002_LoginTest Started******
19:32:50.169 [main] INFO  testCases.TC002_LoginTest - Click on MyAccount
19:32:50.511 [main] INFO  testCases.TC002_LoginTest - Click on the Login
19:32:51.599 [main] INFO  testCases.TC002_LoginTest - ******TC002_LoginTest Finished******
14:53:29.529 [main] DEBUG org.testng.TestNG - suiteXmlPath: "C:\Users\samue\Desktop\Codes\OpenCart\Master.xml"
14:53:29.770 [main] INFO  org.testng.internal.Utils - [TestNG] Running:
  C:\Users\samue\Desktop\Codes\OpenCart\Master.xml

14:53:29.980 [main] DEBUG org.apache.poi.openxml4j.opc.PackageRelationshipCollection - Parsing relationship: /xl/_rels/workbook.xml.rels
14:53:29.982 [main] DEBUG org.apache.poi.openxml4j.opc.PackageRelationshipCollection - Parsing relationship: /xl/worksheets/_rels/sheet1.xml.rels
14:53:29.984 [main] DEBUG org.apache.poi.openxml4j.opc.PackageRelationshipCollection - Parsing relationship: /_rels/.rels
14:53:30.407 [main] DEBUG org.apache.poi.openxml4j.opc.PackageRelationshipCollection - Parsing relationship: /xl/_rels/workbook.xml.rels
14:53:30.408 [main] DEBUG org.apache.poi.openxml4j.opc.PackageRelationshipCollection - Parsing relationship: /xl/worksheets/_rels/sheet1.xml.rels
14:53:30.408 [main] DEBUG org.apache.poi.openxml4j.opc.PackageRelationshipCollection - Parsing relationship: /_rels/.rels
14:53:30.430 [main] DEBUG org.apache.poi.openxml4j.opc.PackageRelationshipCollection - Parsing relationship: /xl/_rels/workbook.xml.rels
14:53:30.431 [main] DEBUG org.apache.poi.openxml4j.opc.PackageRelationshipCollection - Parsing relationship: /xl/worksheets/_rels/sheet1.xml.rels
14:53:30.432 [main] DEBUG org.apache.poi.openxml4j.opc.PackageRelationshipCollection - Parsing relationship: /_rels/.rels
14:53:30.458 [main] DEBUG org.apache.poi.openxml4j.opc.PackageRelationshipCollection - Parsing relationship: /xl/_rels/workbook.xml.rels
14:53:30.459 [main] DEBUG org.apache.poi.openxml4j.opc.PackageRelationshipCollection - Parsing relationship: /xl/worksheets/_rels/sheet1.xml.rels
14:53:30.459 [main] DEBUG org.apache.poi.openxml4j.opc.PackageRelationshipCollection - Parsing relationship: /_rels/.rels
14:53:30.479 [main] DEBUG org.apache.poi.openxml4j.opc.PackageRelationshipCollection - Parsing relationship: /xl/_rels/workbook.xml.rels
14:53:30.480 [main] DEBUG org.apache.poi.openxml4j.opc.PackageRelationshipCollection - Parsing relationship: /xl/worksheets/_rels/sheet1.xml.rels
14:53:30.481 [main] DEBUG org.apache.poi.openxml4j.opc.PackageRelationshipCollection - Parsing relationship: /_rels/.rels
14:53:30.497 [main] DEBUG org.apache.poi.openxml4j.opc.PackageRelationshipCollection - Parsing relationship: /xl/_rels/workbook.xml.rels
14:53:30.498 [main] DEBUG org.apache.poi.openxml4j.opc.PackageRelationshipCollection - Parsing relationship: /xl/worksheets/_rels/sheet1.xml.rels
14:53:30.499 [main] DEBUG org.apache.poi.openxml4j.opc.PackageRelationshipCollection - Parsing relationship: /_rels/.rels
14:53:30.514 [main] DEBUG org.apache.poi.openxml4j.opc.PackageRelationshipCollection - Parsing relationship: /xl/_rels/workbook.xml.rels
14:53:30.515 [main] DEBUG org.apache.poi.openxml4j.opc.PackageRelationshipCollection - Parsing relationship: /xl/worksheets/_rels/sheet1.xml.rels
14:53:30.516 [main] DEBUG org.apache.poi.openxml4j.opc.PackageRelationshipCollection - Parsing relationship: /_rels/.rels
14:53:30.533 [main] DEBUG org.apache.poi.openxml4j.opc.PackageRelationshipCollection - Parsing relationship: /xl/_rels/workbook.xml.rels
14:53:30.534 [main] DEBUG org.apache.poi.openxml4j.opc.PackageRelationshipCollection - Parsing relationship: /xl/worksheets/_rels/sheet1.xml.rels
14:53:30.534 [main] DEBUG org.apache.poi.openxml4j.opc.PackageRelationshipCollection - Parsing relationship: /_rels/.rels
14:53:30.552 [main] DEBUG org.apache.poi.openxml4j.opc.PackageRelationshipCollection - Parsing relationship: /xl/_rels/workbook.xml.rels
14:53:30.553 [main] DEBUG org.apache.poi.openxml4j.opc.PackageRelationshipCollection - Parsing relationship: /xl/worksheets/_rels/sheet1.xml.rels
14:53:30.554 [main] DEBUG org.apache.poi.openxml4j.opc.PackageRelationshipCollection - Parsing relationship: /_rels/.rels
14:53:30.569 [main] DEBUG org.apache.poi.openxml4j.opc.PackageRelationshipCollection - Parsing relationship: /xl/_rels/workbook.xml.rels
14:53:30.570 [main] DEBUG org.apache.poi.openxml4j.opc.PackageRelationshipCollection - Parsing relationship: /xl/worksheets/_rels/sheet1.xml.rels
14:53:30.571 [main] DEBUG org.apache.poi.openxml4j.opc.PackageRelationshipCollection - Parsing relationship: /_rels/.rels
14:53:30.586 [main] DEBUG org.apache.poi.openxml4j.opc.PackageRelationshipCollection - Parsing relationship: /xl/_rels/workbook.xml.rels
14:53:30.586 [main] DEBUG org.apache.poi.openxml4j.opc.PackageRelationshipCollection - Parsing relationship: /xl/worksheets/_rels/sheet1.xml.rels
14:53:30.587 [main] DEBUG org.apache.poi.openxml4j.opc.PackageRelationshipCollection - Parsing relationship: /_rels/.rels
14:53:30.601 [main] DEBUG org.apache.poi.openxml4j.opc.PackageRelationshipCollection - Parsing relationship: /xl/_rels/workbook.xml.rels
14:53:30.602 [main] DEBUG org.apache.poi.openxml4j.opc.PackageRelationshipCollection - Parsing relationship: /xl/worksheets/_rels/sheet1.xml.rels
14:53:30.602 [main] DEBUG org.apache.poi.openxml4j.opc.PackageRelationshipCollection - Parsing relationship: /_rels/.rels
14:53:30.615 [main] DEBUG org.apache.poi.openxml4j.opc.PackageRelationshipCollection - Parsing relationship: /xl/_rels/workbook.xml.rels
14:53:30.616 [main] DEBUG org.apache.poi.openxml4j.opc.PackageRelationshipCollection - Parsing relationship: /xl/worksheets/_rels/sheet1.xml.rels
14:53:30.616 [main] DEBUG org.apache.poi.openxml4j.opc.PackageRelationshipCollection - Parsing relationship: /_rels/.rels
14:53:30.629 [main] DEBUG org.apache.poi.openxml4j.opc.PackageRelationshipCollection - Parsing relationship: /xl/_rels/workbook.xml.rels
14:53:30.630 [main] DEBUG org.apache.poi.openxml4j.opc.PackageRelationshipCollection - Parsing relationship: /xl/worksheets/_rels/sheet1.xml.rels
14:53:30.630 [main] DEBUG org.apache.poi.openxml4j.opc.PackageRelationshipCollection - Parsing relationship: /_rels/.rels
14:54:19.248 [main] DEBUG org.testng.TestNG - suiteXmlPath: "C:\Users\samue\Desktop\Codes\OpenCart\Master.xml"
14:55:27.162 [main] DEBUG org.testng.TestNG - suiteXmlPath: "C:\Users\samue\Desktop\Codes\OpenCart\Master.xml"
15:22:47.800 [main] DEBUG org.testng.TestNG - suiteXmlPath: "C:\Users\samue\Desktop\Codes\OpenCart\Master.xml"
15:24:16.354 [main] DEBUG org.testng.TestNG - suiteXmlPath: "C:\Users\samue\Desktop\Codes\OpenCart\Master.xml"
15:24:36.916 [main] DEBUG org.testng.TestNG - suiteXmlPath: "C:\Users\samue\Desktop\Codes\OpenCart\Master.xml"
15:24:37.148 [main] INFO  org.testng.internal.Utils - [TestNG] Running:
  C:\Users\samue\Desktop\Codes\OpenCart\Master.xml

15:25:48.272 [main] DEBUG org.testng.TestNG - suiteXmlPath: "C:\Users\samue\Desktop\Codes\OpenCart\Master.xml"
15:25:48.505 [main] INFO  org.testng.internal.Utils - [TestNG] Running:
  C:\Users\samue\Desktop\Codes\OpenCart\Master.xml

15:26:41.688 [main] DEBUG org.testng.TestNG - suiteXmlPath: "C:\Users\samue\Desktop\Codes\OpenCart\Master.xml"
15:26:41.912 [main] INFO  org.testng.internal.Utils - [TestNG] Running:
  C:\Users\samue\Desktop\Codes\OpenCart\Master.xml

15:27:37.312 [main] DEBUG org.testng.TestNG - suiteXmlPath: "C:\Users\samue\Desktop\Codes\OpenCart\Master.xml"
15:27:37.546 [main] INFO  org.testng.internal.Utils - [TestNG] Running:
  C:\Users\samue\Desktop\Codes\OpenCart\Master.xml

15:27:49.525 [main] INFO  testCases.TC001_AccountRegisterTest - ********Starting TC001_AccountRegisterTest*********
15:27:49.630 [main] INFO  testCases.TC001_AccountRegisterTest - Click on my Account
15:27:50.655 [main] INFO  testCases.TC001_AccountRegisterTest - Click on my Register
15:27:50.657 [main] INFO  testCases.TC001_AccountRegisterTest - Providing customer details
15:27:52.391 [main] INFO  testCases.TC001_AccountRegisterTest - Validation the final Message
15:27:52.425 [main] INFO  testCases.TC001_AccountRegisterTest - ********Finished TC001_AccountRegisterTest**********
15:27:57.676 [main] INFO  testCases.TC002_LoginTest - ******TC002_LoginTest Started******
15:27:57.750 [main] INFO  testCases.TC002_LoginTest - Click on MyAccount
15:27:58.100 [main] INFO  testCases.TC002_LoginTest - Click on the Login
15:27:59.765 [main] INFO  testCases.TC002_LoginTest - ******TC002_LoginTest Finished******
15:28:50.786 [main] DEBUG org.testng.TestNG - suiteXmlPath: "C:\Users\samue\Desktop\Codes\OpenCart\Master.xml"
15:28:51.029 [main] INFO  org.testng.internal.Utils - [TestNG] Running:
  C:\Users\samue\Desktop\Codes\OpenCart\Master.xml

15:28:51.067 [main] INFO  testCases.TC001_AccountRegisterTest - ********Starting TC001_AccountRegisterTest*********
15:28:51.097 [main] INFO  testCases.TC002_LoginTest - ******TC002_LoginTest Started******
15:29:37.854 [main] DEBUG org.testng.TestNG - suiteXmlPath: "C:\Users\samue\Desktop\Codes\OpenCart\Master.xml"
15:29:38.069 [main] INFO  org.testng.internal.Utils - [TestNG] Running:
  C:\Users\samue\Desktop\Codes\OpenCart\Master.xml

15:29:38.120 [main] INFO  testCases.TC001_AccountRegisterTest - ********Starting TC001_AccountRegisterTest*********
15:29:38.144 [main] INFO  testCases.TC002_LoginTest - ******TC002_LoginTest Started******
15:31:19.125 [main] DEBUG org.testng.TestNG - suiteXmlPath: "C:\Users\samue\Desktop\Codes\OpenCart\Master.xml"
15:31:19.358 [main] INFO  org.testng.internal.Utils - [TestNG] Running:
  C:\Users\samue\Desktop\Codes\OpenCart\Master.xml

15:31:25.212 [main] INFO  testCases.TC001_AccountRegisterTest - ********Starting TC001_AccountRegisterTest*********
15:31:25.296 [main] INFO  testCases.TC001_AccountRegisterTest - Click on my Account
15:31:26.167 [main] INFO  testCases.TC001_AccountRegisterTest - Click on my Register
15:31:26.168 [main] INFO  testCases.TC001_AccountRegisterTest - Providing customer details
15:31:27.499 [main] INFO  testCases.TC001_AccountRegisterTest - Validation the final Message
15:31:27.527 [main] INFO  testCases.TC001_AccountRegisterTest - ********Finished TC001_AccountRegisterTest**********
15:31:33.295 [main] INFO  testCases.TC002_LoginTest - ******TC002_LoginTest Started******
15:31:33.369 [main] INFO  testCases.TC002_LoginTest - Click on MyAccount
15:31:33.974 [main] INFO  testCases.TC002_LoginTest - Click on the Login
15:31:35.243 [main] INFO  testCases.TC002_LoginTest - ******TC002_LoginTest Finished******
15:32:47.513 [main] DEBUG org.testng.TestNG - suiteXmlPath: "C:\Users\samue\Desktop\Codes\OpenCart\Master.xml"
15:32:47.751 [main] INFO  org.testng.internal.Utils - [TestNG] Running:
  C:\Users\samue\Desktop\Codes\OpenCart\Master.xml

15:32:50.840 [main] INFO  testCases.TC001_AccountRegisterTest - ********Starting TC001_AccountRegisterTest*********
15:32:50.938 [main] INFO  testCases.TC001_AccountRegisterTest - Click on my Account
15:32:53.855 [main] INFO  testCases.TC001_AccountRegisterTest - Click on my Register
15:32:53.855 [main] INFO  testCases.TC001_AccountRegisterTest - Providing customer details
15:32:54.629 [main] INFO  testCases.TC001_AccountRegisterTest - Validation the final Message
15:32:55.577 [main] INFO  testCases.TC001_AccountRegisterTest - ********Finished TC001_AccountRegisterTest**********
15:32:58.824 [main] INFO  testCases.TC002_LoginTest - ******TC002_LoginTest Started******
15:32:58.916 [main] INFO  testCases.TC002_LoginTest - Click on MyAccount
15:32:59.289 [main] INFO  testCases.TC002_LoginTest - Click on the Login
15:33:00.485 [main] INFO  testCases.TC002_LoginTest - ******TC002_LoginTest Finished******
15:34:12.000 [main] DEBUG org.testng.TestNG - suiteXmlPath: "C:\Users\samue\Desktop\Codes\OpenCart\crossbrowser.xml"
15:34:12.229 [main] INFO  org.testng.internal.Utils - [TestNG] Running:
  C:\Users\samue\Desktop\Codes\OpenCart\crossbrowser.xml

15:34:12.291 [TestNG-tests-3] INFO  testCases.TC001_AccountRegisterTest - ********Starting TC001_AccountRegisterTest*********
15:34:15.855 [TestNG-tests-1] INFO  testCases.TC001_AccountRegisterTest - ********Starting TC001_AccountRegisterTest*********
15:34:15.959 [TestNG-tests-1] INFO  testCases.TC001_AccountRegisterTest - Click on my Account
15:34:17.699 [TestNG-tests-1] INFO  testCases.TC001_AccountRegisterTest - Click on my Register
15:34:17.701 [TestNG-tests-1] INFO  testCases.TC001_AccountRegisterTest - Providing customer details
15:34:19.520 [TestNG-tests-1] INFO  testCases.TC001_AccountRegisterTest - Validation the final Message
15:34:19.572 [TestNG-tests-1] INFO  testCases.TC001_AccountRegisterTest - ********Finished TC001_AccountRegisterTest**********
15:41:04.704 [main] DEBUG org.testng.TestNG - suiteXmlPath: "C:\Users\samue\Desktop\Codes\OpenCart\Master.xml"
15:41:35.543 [main] DEBUG org.testng.TestNG - suiteXmlPath: "C:\Users\samue\Desktop\Codes\OpenCart\Master.xml"
15:42:48.093 [main] DEBUG org.testng.TestNG - suiteXmlPath: "C:\Users\samue\Desktop\Codes\OpenCart\Master.xml"
15:42:48.326 [main] INFO  org.testng.internal.Utils - [TestNG] Running:
  C:\Users\samue\Desktop\Codes\OpenCart\Master.xml

15:42:52.018 [main] INFO  testCases.TC001_AccountRegisterTest - ********Starting TC001_AccountRegisterTest*********
15:42:52.135 [main] INFO  testCases.TC001_AccountRegisterTest - Click on my Account
15:42:52.692 [main] INFO  testCases.TC001_AccountRegisterTest - Click on my Register
15:42:52.693 [main] INFO  testCases.TC001_AccountRegisterTest - Providing customer details
15:42:54.754 [main] INFO  testCases.TC001_AccountRegisterTest - Validation the final Message
15:42:54.796 [main] INFO  testCases.TC001_AccountRegisterTest - ********Finished TC001_AccountRegisterTest**********
15:42:59.678 [main] INFO  testCases.TC002_LoginTest - ******TC002_LoginTest Started******
15:42:59.796 [main] INFO  testCases.TC002_LoginTest - Click on MyAccount
15:43:00.176 [main] INFO  testCases.TC002_LoginTest - Click on the Login
15:43:01.513 [main] INFO  testCases.TC002_LoginTest - ******TC002_LoginTest Finished******
15:50:53.505 [main] DEBUG org.testng.TestNG - suiteXmlPath: "C:\Users\samue\Desktop\Codes\OpenCart\Master.xml"
15:50:53.731 [main] INFO  org.testng.internal.Utils - [TestNG] Running:
  C:\Users\samue\Desktop\Codes\OpenCart\Master.xml

15:51:22.947 [main] DEBUG org.testng.TestNG - suiteXmlPath: "C:\Users\samue\Desktop\Codes\OpenCart\Master.xml"
15:51:23.171 [main] INFO  org.testng.internal.Utils - [TestNG] Running:
  C:\Users\samue\Desktop\Codes\OpenCart\Master.xml

15:51:27.706 [main] INFO  testCases.TC001_AccountRegisterTest - ********Starting TC001_AccountRegisterTest*********
15:51:27.834 [main] INFO  testCases.TC001_AccountRegisterTest - Click on my Account
15:51:28.507 [main] INFO  testCases.TC001_AccountRegisterTest - Click on my Register
15:51:28.509 [main] INFO  testCases.TC001_AccountRegisterTest - Providing customer details
15:51:30.126 [main] INFO  testCases.TC001_AccountRegisterTest - Validation the final Message
15:51:30.173 [main] INFO  testCases.TC001_AccountRegisterTest - ********Finished TC001_AccountRegisterTest**********
15:51:34.873 [main] INFO  testCases.TC002_LoginTest - ******TC002_LoginTest Started******
15:51:34.957 [main] INFO  testCases.TC002_LoginTest - Click on MyAccount
15:51:35.349 [main] INFO  testCases.TC002_LoginTest - Click on the Login
15:51:36.613 [main] INFO  testCases.TC002_LoginTest - ******TC002_LoginTest Finished******
20:38:57.333 [main] DEBUG org.testng.TestNG - suiteXmlPath: "C:\Users\samue\Desktop\Codes\OpenCart\Master.xml"
20:38:57.846 [main] INFO  org.testng.internal.Utils - [TestNG] Running:
  C:\Users\samue\Desktop\Codes\OpenCart\Master.xml

20:39:44.419 [main] DEBUG org.testng.TestNG - suiteXmlPath: "C:\Users\samue\Desktop\Codes\OpenCart\Master.xml"
20:39:44.670 [main] INFO  org.testng.internal.Utils - [TestNG] Running:
  C:\Users\samue\Desktop\Codes\OpenCart\Master.xml

20:41:19.189 [main] DEBUG org.testng.TestNG - suiteXmlPath: "C:\Users\samue\Desktop\Codes\OpenCart\Master.xml"
20:41:19.443 [main] INFO  org.testng.internal.Utils - [TestNG] Running:
  C:\Users\samue\Desktop\Codes\OpenCart\Master.xml

20:41:27.520 [main] INFO  testCases.TC001_AccountRegisterTest - ********Starting TC001_AccountRegisterTest*********
20:41:27.664 [main] INFO  testCases.TC001_AccountRegisterTest - Click on my Account
20:41:28.335 [main] INFO  testCases.TC001_AccountRegisterTest - Click on my Register
20:41:28.363 [main] INFO  testCases.TC001_AccountRegisterTest - Providing customer details
20:41:29.865 [main] INFO  testCases.TC001_AccountRegisterTest - Validation the final Message
20:41:29.918 [main] INFO  testCases.TC001_AccountRegisterTest - ********Finished TC001_AccountRegisterTest**********
20:41:33.456 [main] INFO  testCases.TC002_LoginTest - ******TC002_LoginTest Started******
20:41:33.571 [main] INFO  testCases.TC002_LoginTest - Click on MyAccount
20:41:33.950 [main] INFO  testCases.TC002_LoginTest - Click on the Login
20:41:35.184 [main] INFO  testCases.TC002_LoginTest - ******TC002_LoginTest Finished******
20:47:24.318 [main] DEBUG org.testng.TestNG - suiteXmlPath: "C:\Users\samue\Desktop\Codes\OpenCart\Master.xml"
20:47:24.704 [main] INFO  org.testng.internal.Utils - [TestNG] Running:
  C:\Users\samue\Desktop\Codes\OpenCart\Master.xml

20:47:51.794 [main] DEBUG org.testng.TestNG - suiteXmlPath: "C:\Users\samue\Desktop\Codes\OpenCart\Master.xml"
20:47:52.123 [main] INFO  org.testng.internal.Utils - [TestNG] Running:
  C:\Users\samue\Desktop\Codes\OpenCart\Master.xml

20:47:59.098 [main] INFO  testCases.TC001_AccountRegisterTest - ********Starting TC001_AccountRegisterTest*********
20:47:59.243 [main] INFO  testCases.TC001_AccountRegisterTest - Click on my Account
20:47:59.812 [main] INFO  testCases.TC001_AccountRegisterTest - Click on my Register
20:47:59.814 [main] INFO  testCases.TC001_AccountRegisterTest - Providing customer details
20:48:01.375 [main] INFO  testCases.TC001_AccountRegisterTest - Validation the final Message
20:48:01.426 [main] INFO  testCases.TC001_AccountRegisterTest - ********Finished TC001_AccountRegisterTest**********
20:50:41.405 [main] DEBUG org.testng.TestNG - suiteXmlPath: "C:\Users\samue\Desktop\Codes\OpenCart\Master.xml"
20:50:41.802 [main] INFO  org.testng.internal.Utils - [TestNG] Running:
  C:\Users\samue\Desktop\Codes\OpenCart\Master.xml

21:57:23.605 [main] DEBUG org.testng.TestNG - suiteXmlPath: "C:\Users\samue\Desktop\Codes\OpenCart\Master.xml"
21:57:24.086 [main] INFO  org.testng.internal.Utils - [TestNG] Running:
  C:\Users\samue\Desktop\Codes\OpenCart\Master.xml

23:13:24.790 [main] DEBUG org.testng.TestNG - suiteXmlPath: "C:\Users\samue\Desktop\Codes\OpenCart\Master.xml"
23:13:36.089 [main] INFO  testCases.TC001_AccountRegisterTest - ********Starting TC001_AccountRegisterTest*********
23:13:36.231 [main] INFO  testCases.TC001_AccountRegisterTest - Click on my Account
23:13:37.579 [main] INFO  testCases.TC001_AccountRegisterTest - Click on my Register
23:13:37.593 [main] INFO  testCases.TC001_AccountRegisterTest - Providing customer details
23:13:38.976 [main] INFO  testCases.TC001_AccountRegisterTest - Validation the final Message
23:13:39.013 [main] INFO  testCases.TC001_AccountRegisterTest - ********Finished TC001_AccountRegisterTest**********
23:13:41.835 [main] INFO  testCases.TC002_LoginTest - ******TC002_LoginTest Started******
23:13:41.931 [main] INFO  testCases.TC002_LoginTest - Click on MyAccount
23:13:42.276 [main] INFO  testCases.TC002_LoginTest - Click on the Login
23:13:43.339 [main] INFO  testCases.TC002_LoginTest - ******TC002_LoginTest Finished******
23:14:03.199 [main] DEBUG org.testng.TestNG - suiteXmlPath: "C:\Users\samue\Desktop\Codes\OpenCart\Master.xml"
23:14:06.823 [main] INFO  testCases.TC001_AccountRegisterTest - ********Starting TC001_AccountRegisterTest*********
23:14:06.920 [main] INFO  testCases.TC001_AccountRegisterTest - Click on my Account
23:14:07.443 [main] INFO  testCases.TC001_AccountRegisterTest - Click on my Register
23:14:07.444 [main] INFO  testCases.TC001_AccountRegisterTest - Providing customer details
23:14:07.946 [main] INFO  testCases.TC001_AccountRegisterTest - Validation the final Message
23:14:08.750 [main] INFO  testCases.TC001_AccountRegisterTest - ********Finished TC001_AccountRegisterTest**********
23:14:11.724 [main] INFO  testCases.TC002_LoginTest - ******TC002_LoginTest Started******
23:14:11.803 [main] INFO  testCases.TC002_LoginTest - Click on MyAccount
23:14:12.150 [main] INFO  testCases.TC002_LoginTest - Click on the Login
23:14:13.194 [main] INFO  testCases.TC002_LoginTest - ******TC002_LoginTest Finished******
22:23:27.785 [main] DEBUG org.testng.TestNG - suiteXmlPath: "C:\Users\samue\Desktop\Codes\OpenCart\Master.xml"
22:23:33.967 [main] INFO  testCases.TC001_AccountRegisterTest - ********Starting TC001_AccountRegisterTest*********
22:23:34.099 [main] INFO  testCases.TC001_AccountRegisterTest - Click on my Account
22:23:35.705 [main] INFO  testCases.TC001_AccountRegisterTest - Click on my Register
22:23:35.709 [main] INFO  testCases.TC001_AccountRegisterTest - Providing customer details
22:23:36.197 [main] INFO  testCases.TC001_AccountRegisterTest - Validation the final Message
22:23:37.116 [main] INFO  testCases.TC001_AccountRegisterTest - ********Finished TC001_AccountRegisterTest**********
22:23:41.865 [main] INFO  testCases.TC002_LoginTest - ******TC002_LoginTest Started******
22:23:41.953 [main] INFO  testCases.TC002_LoginTest - Click on MyAccount
22:23:42.372 [main] INFO  testCases.TC002_LoginTest - Click on the Login
22:23:43.472 [main] INFO  testCases.TC002_LoginTest - ******TC002_LoginTest Finished******
22:38:53.533 [main] DEBUG org.testng.TestNG - suiteXmlPath: "C:\Users\samue\Desktop\Codes\OpenCart\Master.xml"
22:39:00.231 [main] INFO  testCases.TC001_AccountRegisterTest - ********Starting TC001_AccountRegisterTest*********
22:39:00.415 [main] INFO  testCases.TC001_AccountRegisterTest - Click on my Account
22:39:01.022 [main] INFO  testCases.TC001_AccountRegisterTest - Click on my Register
22:39:01.025 [main] INFO  testCases.TC001_AccountRegisterTest - Providing customer details
22:39:02.943 [main] INFO  testCases.TC001_AccountRegisterTest - Validation the final Message
22:39:02.992 [main] INFO  testCases.TC001_AccountRegisterTest - ********Finished TC001_AccountRegisterTest**********
22:39:06.835 [main] INFO  testCases.TC002_LoginTest - ******TC002_LoginTest Started******
22:39:07.018 [main] INFO  testCases.TC002_LoginTest - Click on MyAccount
22:39:07.450 [main] INFO  testCases.TC002_LoginTest - Click on the Login
22:39:08.772 [main] INFO  testCases.TC002_LoginTest - ******TC002_LoginTest Finished******
22:58:11.504 [main] DEBUG org.testng.TestNG - suiteXmlPath: "C:\Users\samue\Desktop\Codes\OpenCart\Master.xml"
22:58:11.839 [main] INFO  org.testng.internal.Utils - [TestNG] Running:
  C:\Users\samue\Desktop\Codes\OpenCart\Master.xml

22:58:16.903 [main] INFO  testCases.TC001_AccountRegisterTest - ********Starting TC001_AccountRegisterTest*********
22:58:17.039 [main] INFO  testCases.TC001_AccountRegisterTest - Click on my Account
22:58:17.995 [main] INFO  testCases.TC001_AccountRegisterTest - Click on my Register
22:58:17.997 [main] INFO  testCases.TC001_AccountRegisterTest - Providing customer details
22:58:19.649 [main] INFO  testCases.TC001_AccountRegisterTest - Validation the final Message
22:58:19.690 [main] INFO  testCases.TC001_AccountRegisterTest - ********Finished TC001_AccountRegisterTest**********
22:58:23.142 [main] INFO  testCases.TC002_LoginTest - ******TC002_LoginTest Started******
22:58:23.252 [main] INFO  testCases.TC002_LoginTest - Click on MyAccount
22:58:23.633 [main] INFO  testCases.TC002_LoginTest - Click on the Login
22:58:24.823 [main] INFO  testCases.TC002_LoginTest - ******TC002_LoginTest Finished******
22:59:28.148 [main] DEBUG org.testng.TestNG - suiteXmlPath: "C:\Users\samue\Desktop\Codes\OpenCart\Master.xml"
22:59:28.402 [main] INFO  org.testng.internal.Utils - [TestNG] Running:
  C:\Users\samue\Desktop\Codes\OpenCart\Master.xml

22:59:31.810 [main] INFO  testCases.TC001_AccountRegisterTest - ********Starting TC001_AccountRegisterTest*********
22:59:31.892 [main] INFO  testCases.TC001_AccountRegisterTest - Click on my Account
22:59:32.942 [main] INFO  testCases.TC001_AccountRegisterTest - Click on my Register
22:59:32.944 [main] INFO  testCases.TC001_AccountRegisterTest - Providing customer details
22:59:34.312 [main] INFO  testCases.TC001_AccountRegisterTest - Validation the final Message
22:59:34.347 [main] INFO  testCases.TC001_AccountRegisterTest - ********Finished TC001_AccountRegisterTest**********
22:59:37.458 [main] INFO  testCases.TC002_LoginTest - ******TC002_LoginTest Started******
22:59:37.560 [main] INFO  testCases.TC002_LoginTest - Click on MyAccount
22:59:37.978 [main] INFO  testCases.TC002_LoginTest - Click on the Login
23:01:37.539 [main] DEBUG org.testng.TestNG - suiteXmlPath: "C:\Users\samue\Desktop\Codes\OpenCart\Master.xml"
23:01:37.814 [main] INFO  org.testng.internal.Utils - [TestNG] Running:
  C:\Users\samue\Desktop\Codes\OpenCart\Master.xml

23:01:41.927 [main] INFO  testCases.TC001_AccountRegisterTest - ********Starting TC001_AccountRegisterTest*********
23:01:42.044 [main] INFO  testCases.TC001_AccountRegisterTest - Click on my Account
23:01:42.779 [main] INFO  testCases.TC001_AccountRegisterTest - Click on my Register
23:01:42.781 [main] INFO  testCases.TC001_AccountRegisterTest - Providing customer details
23:01:44.351 [main] INFO  testCases.TC001_AccountRegisterTest - Validation the final Message
23:01:44.395 [main] INFO  testCases.TC001_AccountRegisterTest - ********Finished TC001_AccountRegisterTest**********
23:01:47.500 [main] INFO  testCases.TC002_LoginTest - ******TC002_LoginTest Started******
23:01:47.606 [main] INFO  testCases.TC002_LoginTest - Click on MyAccount
23:01:48.443 [main] INFO  testCases.TC002_LoginTest - Click on the Login
22:19:14.927 [main] DEBUG org.testng.TestNG - suiteXmlPath: "C:\Users\samue\Desktop\Codes\OpenCart\Master.xml"
22:19:23.437 [main] INFO  testCases.TC001_AccountRegisterTest - ********Starting TC001_AccountRegisterTest*********
22:19:23.548 [main] INFO  testCases.TC001_AccountRegisterTest - Click on my Account
22:19:24.186 [main] INFO  testCases.TC001_AccountRegisterTest - Click on my Register
22:19:24.188 [main] INFO  testCases.TC001_AccountRegisterTest - Providing customer details
22:19:26.009 [main] INFO  testCases.TC001_AccountRegisterTest - Validation the final Message
22:19:26.048 [main] INFO  testCases.TC001_AccountRegisterTest - ********Finished TC001_AccountRegisterTest**********
22:19:31.223 [main] INFO  testCases.TC002_LoginTest - ******TC002_LoginTest Started******
22:19:31.308 [main] INFO  testCases.TC002_LoginTest - Click on MyAccount
22:19:31.732 [main] INFO  testCases.TC002_LoginTest - Click on the Login
